13:18:43 全部待回测: 947 只, 共 95 批


13:18:43 ============================================================
13:18:43 批次 1/95  (10只)
13:18:43 ============================================================


13:18:43 [600511]
  进度: 500/5995 (8.3%), 步长=0.10, 当前最优: B=27.22 S=37.92 收益率=39.03%
  进度: 1000/5995 (16.7%), 步长=0.10, 当前最优: B=27.22 S=37.92 收益率=39.03%
13:20:44 全部待回测: 448 只, 共 45 批


13:20:44 ============================================================
13:20:44 批次 1/45  (10只)
13:20:44 ============================================================


13:20:44 [600511]
  进度: 500/5995 (8.3%), 步长=0.10, 当前最优: B=27.22 S=37.92 收益率=39.03%
  进度: 1000/5995 (16.7%), 步长=0.10, 当前最优: B=27.22 S=37.92 收益率=39.03%
  进度: 1500/5995 (25.0%), 步长=0.10, 当前最优: B=27.22 S=37.92 收益率=39.03%
  进度: 2000/5995 (33.4%), 步长=0.10, 当前最优: B=27.22 S=37.92 收益率=39.03%
  进度: 2500/5995 (41.7%), 步长=0.10, 当前最优: B=27.22 S=37.92 收益率=39.03%
  进度: 3000/5995 (50.0%), 步长=0.10, 当前最优: B=27.22 S=37.92 收益率=39.03%
  进度: 3500/5995 (58.4%), 步长=0.10, 当前最优: B=27.22 S=37.92 收益率=39.03%
  进度: 4000/5995 (66.7%), 步长=0.10, 当前最优: B=27.22 S=37.92 收益率=39.03%
  进度: 4500/5995 (75.1%), 步长=0.10, 当前最优: B=27.22 S=37.92 收益率=39.03%
  进度: 5000/5995 (83.4%), 步长=0.10, 当前最优: B=27.22 S=37.92 收益率=39.03%
  进度: 5500/5995 (91.7%), 步长=0.10, 当前最优: B=27.22 S=37.92 收益率=39.03%
  进度: 5995/5995 (100.0%), 步长=0.10, 当前最优: B=27.22 S=37.92 收益率=39.03%
  13:22:40 472条 step=0.09999999999999787 B=27.22 S=37.92 ret=39.03% 1t
报告已生成: E:\python\grid-threshold-backtest\stocks\candidates\600511\reports\600511_国药股份_回测报告_2026-05-17.md

13:22:40 [000089]
  进度: 500/4656 (10.7%), 步长=0.02, 当前最优: B=5.88 S=7.76 收益率=31.71%
  进度: 1000/4656 (21.5%), 步长=0.02, 当前最优: B=5.88 S=7.76 收益率=31.71%
  进度: 1500/4656 (32.2%), 步长=0.02, 当前最优: B=6.18 S=7.50 收益率=42.23%
  进度: 2000/4656 (43.0%), 步长=0.02, 当前最优: B=6.18 S=7.50 收益率=42.23%
  进度: 2500/4656 (53.7%), 步长=0.02, 当前最优: B=6.18 S=7.50 收益率=42.23%
  进度: 3000/4656 (64.4%), 步长=0.02, 当前最优: B=6.18 S=7.50 收益率=42.23%
  进度: 3500/4656 (75.2%), 步长=0.02, 当前最优: B=6.18 S=7.50 收益率=42.23%
  进度: 4000/4656 (85.9%), 步长=0.02, 当前最优: B=6.18 S=7.50 收益率=42.23%
  进度: 4500/4656 (96.6%), 步长=0.02, 当前最优: B=6.18 S=7.50 收益率=42.23%
  进度: 4656/4656 (100.0%), 步长=0.02, 当前最优: B=6.18 S=7.50 收益率=42.23%
  13:24:10 472条 step=0.019999999999999574 B=6.18 S=7.50 ret=42.23% 2t
报告已生成: E:\python\grid-threshold-backtest\stocks\candidates\000089\reports\000089_深圳机场_回测报告_2026-05-17.md

13:24:10 [000883]
  进度: 500/17578 (2.8%), 步长=0.01, 当前最优: B=4.43 S=5.86 收益率=32.01%
  进度: 1000/17578 (5.7%), 步长=0.01, 当前最优: B=4.46 S=5.36 收益率=39.88%
  进度: 1500/17578 (8.5%), 步长=0.01, 当前最优: B=4.49 S=5.14 收益率=42.74%
  进度: 2000/17578 (11.4%), 步长=0.01, 当前最优: B=4.49 S=5.14 收益率=42.74%
  进度: 2500/17578 (14.2%), 步长=0.01, 当前最优: B=4.55 S=4.96 收益率=43.97%
  进度: 3000/17578 (17.1%), 步长=0.01, 当前最优: B=4.55 S=4.96 收益率=43.97%
  进度: 3500/17578 (19.9%), 步长=0.01, 当前最优: B=4.55 S=4.96 收益率=43.97%
  进度: 4000/17578 (22.8%), 步长=0.01, 当前最优: B=4.55 S=4.96 收益率=43.97%
  进度: 4500/17578 (25.6%), 步长=0.01, 当前最优: B=4.55 S=4.96 收益率=43.97%
  进度: 5000/17578 (28.4%), 步长=0.01, 当前最优: B=4.55 S=4.96 收益率=43.97%
  进度: 5500/17578 (31.3%), 步长=0.01, 当前最优: B=4.55 S=4.96 收益率=43.97%
  进度: 6000/17578 (34.1%), 步长=0.01, 当前最优: B=4.55 S=4.96 收益率=43.97%
  进度: 6500/17578 (37.0%), 步长=0.01, 当前最优: B=4.55 S=4.96 收益率=43.97%
  进度: 7000/17578 (39.8%), 步长=0.01, 当前最优: B=4.55 S=4.96 收益率=43.97%
  进度: 7500/17578 (42.7%), 步长=0.01, 当前最优: B=4.55 S=4.96 收益率=43.97%
  进度: 8000/17578 (45.5%), 步长=0.01, 当前最优: B=4.55 S=4.96 收益率=43.97%
  进度: 8500/17578 (48.4%), 步长=0.01, 当前最优: B=4.55 S=4.96 收益率=43.97%
  进度: 9000/17578 (51.2%), 步长=0.01, 当前最优: B=4.55 S=4.96 收益率=43.97%
  进度: 9500/17578 (54.0%), 步长=0.01, 当前最优: B=4.55 S=4.96 收益率=43.97%
  进度: 10000/17578 (56.9%), 步长=0.01, 当前最优: B=4.55 S=4.96 收益率=43.97%
  进度: 10500/17578 (59.7%), 步长=0.01, 当前最优: B=4.55 S=4.96 收益率=43.97%
  进度: 11000/17578 (62.6%), 步长=0.01, 当前最优: B=4.55 S=4.96 收益率=43.97%
  进度: 11500/17578 (65.4%), 步长=0.01, 当前最优: B=4.55 S=4.96 收益率=43.97%
  进度: 12000/17578 (68.3%), 步长=0.01, 当前最优: B=4.55 S=4.96 收益率=43.97%
  进度: 12500/17578 (71.1%), 步长=0.01, 当前最优: B=4.55 S=4.96 收益率=43.97%
  进度: 13000/17578 (74.0%), 步长=0.01, 当前最优: B=4.55 S=4.96 收益率=43.97%
  进度: 13500/17578 (76.8%), 步长=0.01, 当前最优: B=4.55 S=4.96 收益率=43.97%
  进度: 14000/17578 (79.6%), 步长=0.01, 当前最优: B=4.55 S=4.96 收益率=43.97%
  进度: 14500/17578 (82.5%), 步长=0.01, 当前最优: B=4.55 S=4.96 收益率=43.97%
  进度: 15000/17578 (85.3%), 步长=0.01, 当前最优: B=4.55 S=4.96 收益率=43.97%
  进度: 15500/17578 (88.2%), 步长=0.01, 当前最优: B=4.55 S=4.96 收益率=43.97%
  进度: 16000/17578 (91.0%), 步长=0.01, 当前最优: B=4.55 S=4.96 收益率=43.97%
  进度: 16500/17578 (93.9%), 步长=0.01, 当前最优: B=4.55 S=4.96 收益率=43.97%
  进度: 17000/17578 (96.7%), 步长=0.01, 当前最优: B=4.55 S=4.96 收益率=43.97%
  进度: 17500/17578 (99.6%), 步长=0.01, 当前最优: B=4.55 S=4.96 收益率=43.97%
  进度: 17578/17578 (100.0%), 步长=0.01, 当前最优: B=4.55 S=4.96 收益率=43.97%
  13:29:49 472条 step=0.009999999999999787 B=4.55 S=4.96 ret=43.97% 5t
报告已生成: E:\python\grid-threshold-backtest\stocks\candidates\000883\reports\000883_湖北能源_回测报告_2026-05-17.md

13:29:49 [600572]
  进度: 500/13366 (3.7%), 步长=0.01, 当前最优: B=3.92 S=5.40 收益率=37.48%
  进度: 1000/13366 (7.5%), 步长=0.01, 当前最优: B=3.92 S=5.40 收益率=37.48%
  进度: 1500/13366 (11.2%), 步长=0.01, 当前最优: B=3.92 S=5.40 收益率=37.48%
  进度: 2000/13366 (15.0%), 步长=0.01, 当前最优: B=3.92 S=5.40 收益率=37.48%
  进度: 2500/13366 (18.7%), 步长=0.01, 当前最优: B=4.05 S=5.16 收益率=54.30%
  进度: 3000/13366 (22.4%), 步长=0.01, 当前最优: B=4.05 S=5.16 收益率=54.30%
  进度: 3500/13366 (26.2%), 步长=0.01, 当前最优: B=4.05 S=5.16 收益率=54.30%
