Step mapping:
  003029: 0.2 → 0.05
  300540: 0.2 → 0.05
  600975: 0.05 → 0.02
  000025: 0.1 → 0.02
  603551: 0.1 → 0.02
  601949: 0.05 → 0.02
  002462: 0.1 → 0.02
  300388: 0.05 → 0.02
  002609: 0.05 → 0.02
  进度: 500/87571 (0.6%), 步长=0.05, 当前最优: B=15.65 S=19.75 ret=25.94% score=11.93
  进度: 1000/87571 (1.1%), 步长=0.05, 当前最优: B=15.65 S=36.45 ret=132.43% score=60.92
  进度: 1500/87571 (1.7%), 步长=0.05, 当前最优: B=15.65 S=36.45 ret=132.43% score=60.92
  进度: 2000/87571 (2.3%), 步长=0.05, 当前最优: B=15.65 S=36.45 ret=132.43% score=60.92
  进度: 2500/87571 (2.9%), 步长=0.05, 当前最优: B=15.65 S=36.45 ret=132.43% score=60.92
  进度: 3000/87571 (3.4%), 步长=0.05, 当前最优: B=15.65 S=36.45 ret=132.43% score=60.92
  进度: 3500/87571 (4.0%), 步长=0.05, 当前最优: B=15.65 S=36.45 ret=132.43% score=60.92
  进度: 4000/87571 (4.6%), 步长=0.05, 当前最优: B=15.65 S=36.45 ret=132.43% score=60.92
  进度: 4500/87571 (5.1%), 步长=0.05, 当前最优: B=15.65 S=36.45 ret=132.43% score=60.92
  进度: 5000/87571 (5.7%), 步长=0.05, 当前最优: B=15.65 S=36.45 ret=132.43% score=60.92
  进度: 5500/87571 (6.3%), 步长=0.05, 当前最优: B=15.65 S=36.45 ret=132.43% score=60.92
  进度: 6000/87571 (6.9%), 步长=0.05, 当前最优: B=15.65 S=36.45 ret=132.43% score=60.92
  进度: 6500/87571 (7.4%), 步长=0.05, 当前最优: B=15.65 S=36.45 ret=132.43% score=60.92
  进度: 7000/87571 (8.0%), 步长=0.05, 当前最优: B=15.65 S=36.45 ret=132.43% score=60.92
  进度: 7500/87571 (8.6%), 步长=0.05, 当前最优: B=15.65 S=36.45 ret=132.43% score=60.92
  进度: 8000/87571 (9.1%), 步长=0.05, 当前最优: B=15.65 S=36.45 ret=132.43% score=60.92
  进度: 8500/87571 (9.7%), 步长=0.05, 当前最优: B=15.65 S=36.45 ret=132.43% score=60.92
  进度: 9000/87571 (10.3%), 步长=0.05, 当前最优: B=15.65 S=36.45 ret=132.43% score=60.92
  进度: 9500/87571 (10.8%), 步长=0.05, 当前最优: B=15.65 S=36.45 ret=132.43% score=60.92
  进度: 10000/87571 (11.4%), 步长=0.05, 当前最优: B=15.65 S=36.45 ret=132.43% score=60.92
  进度: 10500/87571 (12.0%), 步长=0.05, 当前最优: B=15.65 S=36.45 ret=132.43% score=60.92
  进度: 11000/87571 (12.6%), 步长=0.05, 当前最优: B=15.65 S=36.45 ret=132.43% score=60.92
  进度: 11500/87571 (13.1%), 步长=0.05, 当前最优: B=15.65 S=36.45 ret=132.43% score=60.92
  进度: 12000/87571 (13.7%), 步长=0.05, 当前最优: B=15.65 S=36.45 ret=132.43% score=60.92
  进度: 12500/87571 (14.3%), 步长=0.05, 当前最优: B=17.10 S=31.15 ret=163.60% score=85.07
  进度: 13000/87571 (14.8%), 步长=0.05, 当前最优: B=17.10 S=31.15 ret=163.60% score=85.07
  进度: 13500/87571 (15.4%), 步长=0.05, 当前最优: B=17.10 S=31.15 ret=163.60% score=85.07
  进度: 14000/87571 (16.0%), 步长=0.05, 当前最优: B=17.10 S=31.15 ret=163.60% score=85.07
  进度: 14500/87571 (16.6%), 步长=0.05, 当前最优: B=17.10 S=31.15 ret=163.60% score=85.07
  进度: 15000/87571 (17.1%), 步长=0.05, 当前最优: B=17.10 S=31.15 ret=163.60% score=85.07
  进度: 15500/87571 (17.7%), 步长=0.05, 当前最优: B=17.10 S=31.15 ret=163.60% score=85.07
  进度: 16000/87571 (18.3%), 步长=0.05, 当前最优: B=17.10 S=31.15 ret=163.60% score=85.07
  进度: 16500/87571 (18.8%), 步长=0.05, 当前最优: B=17.10 S=31.15 ret=163.60% score=85.07
  进度: 17000/87571 (19.4%), 步长=0.05, 当前最优: B=17.10 S=31.15 ret=163.60% score=85.07
  进度: 17500/87571 (20.0%), 步长=0.05, 当前最优: B=17.10 S=31.15 ret=163.60% score=85.07
  进度: 18000/87571 (20.6%), 步长=0.05, 当前最优: B=17.10 S=31.15 ret=163.60% score=85.07
  进度: 18500/87571 (21.1%), 步长=0.05, 当前最优: B=17.10 S=31.15 ret=163.60% score=85.07
  进度: 19000/87571 (21.7%), 步长=0.05, 当前最优: B=17.10 S=31.15 ret=163.60% score=85.07
  进度: 19500/87571 (22.3%), 步长=0.05, 当前最优: B=17.10 S=31.15 ret=163.60% score=85.07
  进度: 20000/87571 (22.8%), 步长=0.05, 当前最优: B=17.10 S=31.15 ret=163.60% score=85.07
  进度: 20500/87571 (23.4%), 步长=0.05, 当前最优: B=17.10 S=31.15 ret=163.60% score=85.07
  进度: 21000/87571 (24.0%), 步长=0.05, 当前最优: B=17.10 S=31.15 ret=163.60% score=85.07
  进度: 21500/87571 (24.6%), 步长=0.05, 当前最优: B=17.10 S=31.15 ret=163.60% score=85.07
  进度: 22000/87571 (25.1%), 步长=0.05, 当前最优: B=17.10 S=31.15 ret=163.60% score=85.07
  进度: 22500/87571 (25.7%), 步长=0.05, 当前最优: B=17.10 S=31.15 ret=163.60% score=85.07
  进度: 23000/87571 (26.3%), 步长=0.05, 当前最优: B=17.10 S=31.15 ret=163.60% score=85.07
  进度: 23500/87571 (26.8%), 步长=0.05, 当前最优: B=17.10 S=31.15 ret=163.60% score=85.07
  进度: 24000/87571 (27.4%), 步长=0.05, 当前最优: B=17.10 S=31.15 ret=163.60% score=85.07
  进度: 24500/87571 (28.0%), 步长=0.05, 当前最优: B=17.10 S=31.15 ret=163.60% score=85.07
  进度: 25000/87571 (28.5%), 步长=0.05, 当前最优: B=17.10 S=31.15 ret=163.60% score=85.07
  进度: 25500/87571 (29.1%), 步长=0.05, 当前最优: B=17.10 S=31.15 ret=163.60% score=85.07
  进度: 26000/87571 (29.7%), 步长=0.05, 当前最优: B=17.10 S=31.15 ret=163.60% score=85.07
  进度: 26500/87571 (30.3%), 步长=0.05, 当前最优: B=17.10 S=31.15 ret=163.60% score=85.07
  进度: 27000/87571 (30.8%), 步长=0.05, 当前最优: B=17.10 S=31.15 ret=163.60% score=85.07
  进度: 27500/87571 (31.4%), 步长=0.05, 当前最优: B=17.10 S=31.15 ret=163.60% score=85.07
  进度: 28000/87571 (32.0%), 步长=0.05, 当前最优: B=17.10 S=31.15 ret=163.60% score=85.07
  进度: 28500/87571 (32.5%), 步长=0.05, 当前最优: B=17.10 S=31.15 ret=163.60% score=85.07
  进度: 29000/87571 (33.1%), 步长=0.05, 当前最优: B=17.10 S=31.15 ret=163.60% score=85.07
  进度: 29500/87571 (33.7%), 步长=0.05, 当前最优: B=17.10 S=31.15 ret=163.60% score=85.07
  进度: 30000/87571 (34.3%), 步长=0.05, 当前最优: B=17.10 S=31.15 ret=163.60% score=85.07
  进度: 30500/87571 (34.8%), 步长=0.05, 当前最优: B=17.10 S=31.15 ret=163.60% score=85.07
  进度: 31000/87571 (35.4%), 步长=0.05, 当前最优: B=17.10 S=31.15 ret=163.60% score=85.07
  进度: 31500/87571 (36.0%), 步长=0.05, 当前最优: B=17.10 S=31.15 ret=163.60% score=85.07
  进度: 32000/87571 (36.5%), 步长=0.05, 当前最优: B=17.10 S=31.15 ret=163.60% score=85.07
  进度: 32500/87571 (37.1%), 步长=0.05, 当前最优: B=17.10 S=31.15 ret=163.60% score=85.07
  进度: 33000/87571 (37.7%), 步长=0.05, 当前最优: B=17.10 S=31.15 ret=163.60% score=85.07
  进度: 33500/87571 (38.3%), 步长=0.05, 当前最优: B=17.10 S=31.15 ret=163.60% score=85.07
  进度: 34000/87571 (38.8%), 步长=0.05, 当前最优: B=17.10 S=31.15 ret=163.60% score=85.07
  进度: 34500/87571 (39.4%), 步长=0.05, 当前最优: B=17.10 S=31.15 ret=163.60% score=85.07
  进度: 35000/87571 (40.0%), 步长=0.05, 当前最优: B=17.10 S=31.15 ret=163.60% score=85.07
  进度: 35500/87571 (40.5%), 步长=0.05, 当前最优: B=17.10 S=31.15 ret=163.60% score=85.07
  进度: 36000/87571 (41.1%), 步长=0.05, 当前最优: B=17.10 S=31.15 ret=163.60% score=85.07
  进度: 36500/87571 (41.7%), 步长=0.05, 当前最优: B=17.10 S=31.15 ret=163.60% score=85.07
  进度: 37000/87571 (42.3%), 步长=0.05, 当前最优: B=17.10 S=31.15 ret=163.60% score=85.07
  进度: 37500/87571 (42.8%), 步长=0.05, 当前最优: B=17.10 S=31.15 ret=163.60% score=85.07
  进度: 38000/87571 (43.4%), 步长=0.05, 当前最优: B=17.10 S=31.15 ret=163.60% score=85.07
  进度: 38500/87571 (44.0%), 步长=0.05, 当前最优: B=17.10 S=31.15 ret=163.60% score=85.07
  进度: 39000/87571 (44.5%), 步长=0.05, 当前最优: B=17.10 S=31.15 ret=163.60% score=85.07
  进度: 39500/87571 (45.1%), 步长=0.05, 当前最优: B=17.10 S=31.15 ret=163.60% score=85.07
  进度: 40000/87571 (45.7%), 步长=0.05, 当前最优: B=17.10 S=31.15 ret=163.60% score=85.07
  进度: 40500/87571 (46.2%), 步长=0.05, 当前最优: B=17.10 S=31.15 ret=163.60% score=85.07
  进度: 41000/87571 (46.8%), 步长=0.05, 当前最优: B=17.10 S=31.15 ret=163.60% score=85.07
  进度: 41500/87571 (47.4%), 步长=0.05, 当前最优: B=17.10 S=31.15 ret=163.60% score=85.07
  进度: 42000/87571 (48.0%), 步长=0.05, 当前最优: B=17.10 S=31.15 ret=163.60% score=85.07
  进度: 42500/87571 (48.5%), 步长=0.05, 当前最优: B=17.10 S=31.15 ret=163.60% score=85.07
  进度: 43000/87571 (49.1%), 步长=0.05, 当前最优: B=17.10 S=31.15 ret=163.60% score=85.07
  进度: 43500/87571 (49.7%), 步长=0.05, 当前最优: B=17.10 S=31.15 ret=163.60% score=85.07
  进度: 44000/87571 (50.2%), 步长=0.05, 当前最优: B=17.10 S=31.15 ret=163.60% score=85.07
  进度: 44500/87571 (50.8%), 步长=0.05, 当前最优: B=17.10 S=31.15 ret=163.60% score=85.07
  进度: 45000/87571 (51.4%), 步长=0.05, 当前最优: B=17.10 S=31.15 ret=163.60% score=85.07
  进度: 45500/87571 (52.0%), 步长=0.05, 当前最优: B=17.10 S=31.15 ret=163.60% score=85.07
  进度: 46000/87571 (52.5%), 步长=0.05, 当前最优: B=17.10 S=31.15 ret=163.60% score=85.07
  进度: 46500/87571 (53.1%), 步长=0.05, 当前最优: B=17.10 S=31.15 ret=163.60% score=85.07
  进度: 47000/87571 (53.7%), 步长=0.05, 当前最优: B=17.10 S=31.15 ret=163.60% score=85.07
  进度: 47500/87571 (54.2%), 步长=0.05, 当前最优: B=17.10 S=31.15 ret=163.60% score=85.07
  进度: 48000/87571 (54.8%), 步长=0.05, 当前最优: B=17.10 S=31.15 ret=163.60% score=85.07
  进度: 48500/87571 (55.4%), 步长=0.05, 当前最优: B=17.10 S=31.15 ret=163.60% score=85.07
  进度: 49000/87571 (56.0%), 步长=0.05, 当前最优: B=17.10 S=31.15 ret=163.60% score=85.07
  进度: 49500/87571 (56.5%), 步长=0.05, 当前最优: B=17.10 S=31.15 ret=163.60% score=85.07
  进度: 50000/87571 (57.1%), 步长=0.05, 当前最优: B=17.10 S=31.15 ret=163.60% score=85.07
  进度: 50500/87571 (57.7%), 步长=0.05, 当前最优: B=17.10 S=31.15 ret=163.60% score=85.07
  进度: 51000/87571 (58.2%), 步长=0.05, 当前最优: B=17.10 S=31.15 ret=163.60% score=85.07
  进度: 51500/87571 (58.8%), 步长=0.05, 当前最优: B=17.10 S=31.15 ret=163.60% score=85.07
  进度: 52000/87571 (59.4%), 步长=0.05, 当前最优: B=17.10 S=31.15 ret=163.60% score=85.07
  进度: 52500/87571 (60.0%), 步长=0.05, 当前最优: B=23.25 S=27.25 ret=109.52% score=89.81
  进度: 53000/87571 (60.5%), 步长=0.05, 当前最优: B=23.25 S=27.25 ret=109.52% score=89.81
  进度: 53500/87571 (61.1%), 步长=0.05, 当前最优: B=23.25 S=27.25 ret=109.52% score=89.81
  进度: 54000/87571 (61.7%), 步长=0.05, 当前最优: B=23.55 S=27.25 ret=113.43% score=99.82
  进度: 54500/87571 (62.2%), 步长=0.05, 当前最优: B=23.60 S=26.50 ret=110.04% score=110.04
  进度: 55000/87571 (62.8%), 步长=0.05, 当前最优: B=23.60 S=26.50 ret=110.04% score=110.04
  进度: 55500/87571 (63.4%), 步长=0.05, 当前最优: B=23.60 S=26.50 ret=110.04% score=110.04
  进度: 56000/87571 (63.9%), 步长=0.05, 当前最优: B=23.60 S=26.50 ret=110.04% score=110.04
  进度: 56500/87571 (64.5%), 步长=0.05, 当前最优: B=23.60 S=26.50 ret=110.04% score=110.04
  进度: 57000/87571 (65.1%), 步长=0.05, 当前最优: B=24.10 S=26.45 ret=111.45% score=111.45
  进度: 57500/87571 (65.7%), 步长=0.05, 当前最优: B=24.20 S=26.45 ret=114.29% score=114.29
  进度: 58000/87571 (66.2%), 步长=0.05, 当前最优: B=24.35 S=26.45 ret=121.14% score=121.14
  进度: 58500/87571 (66.8%), 步长=0.05, 当前最优: B=24.35 S=26.45 ret=121.14% score=121.14
  进度: 59000/87571 (67.4%), 步长=0.05, 当前最优: B=24.35 S=26.45 ret=121.14% score=121.14
  进度: 59500/87571 (67.9%), 步长=0.05, 当前最优: B=24.35 S=26.45 ret=121.14% score=121.14
  进度: 60000/87571 (68.5%), 步长=0.05, 当前最优: B=24.35 S=26.45 ret=121.14% score=121.14
  进度: 60500/87571 (69.1%), 步长=0.05, 当前最优: B=24.35 S=26.45 ret=121.14% score=121.14
  进度: 61000/87571 (69.7%), 步长=0.05, 当前最优: B=24.35 S=26.45 ret=121.14% score=121.14
  进度: 61500/87571 (70.2%), 步长=0.05, 当前最优: B=24.35 S=26.45 ret=121.14% score=121.14
  进度: 62000/87571 (70.8%), 步长=0.05, 当前最优: B=24.35 S=26.45 ret=121.14% score=121.14
  进度: 62500/87571 (71.4%), 步长=0.05, 当前最优: B=24.35 S=26.45 ret=121.14% score=121.14
  进度: 63000/87571 (71.9%), 步长=0.05, 当前最优: B=24.35 S=26.45 ret=121.14% score=121.14
  进度: 63500/87571 (72.5%), 步长=0.05, 当前最优: B=24.35 S=26.45 ret=121.14% score=121.14
  进度: 64000/87571 (73.1%), 步长=0.05, 当前最优: B=24.35 S=26.45 ret=121.14% score=121.14
  进度: 64500/87571 (73.7%), 步长=0.05, 当前最优: B=24.35 S=26.45 ret=121.14% score=121.14
  进度: 65000/87571 (74.2%), 步长=0.05, 当前最优: B=24.35 S=26.45 ret=121.14% score=121.14
  进度: 65500/87571 (74.8%), 步长=0.05, 当前最优: B=24.35 S=26.45 ret=121.14% score=121.14
  进度: 66000/87571 (75.4%), 步长=0.05, 当前最优: B=24.35 S=26.45 ret=121.14% score=121.14
  进度: 66500/87571 (75.9%), 步长=0.05, 当前最优: B=24.35 S=26.45 ret=121.14% score=121.14
  进度: 67000/87571 (76.5%), 步长=0.05, 当前最优: B=24.35 S=26.45 ret=121.14% score=121.14
  进度: 67500/87571 (77.1%), 步长=0.05, 当前最优: B=24.35 S=26.45 ret=121.14% score=121.14
  进度: 68000/87571 (77.7%), 步长=0.05, 当前最优: B=24.35 S=26.45 ret=121.14% score=121.14
  进度: 68500/87571 (78.2%), 步长=0.05, 当前最优: B=24.35 S=26.45 ret=121.14% score=121.14
  进度: 69000/87571 (78.8%), 步长=0.05, 当前最优: B=24.35 S=26.45 ret=121.14% score=121.14
  进度: 69500/87571 (79.4%), 步长=0.05, 当前最优: B=24.35 S=26.45 ret=121.14% score=121.14
  进度: 70000/87571 (79.9%), 步长=0.05, 当前最优: B=24.35 S=26.45 ret=121.14% score=121.14
  进度: 70500/87571 (80.5%), 步长=0.05, 当前最优: B=24.35 S=26.45 ret=121.14% score=121.14
  进度: 71000/87571 (81.1%), 步长=0.05, 当前最优: B=24.35 S=26.45 ret=121.14% score=121.14
  进度: 71500/87571 (81.6%), 步长=0.05, 当前最优: B=24.35 S=26.45 ret=121.14% score=121.14
  进度: 72000/87571 (82.2%), 步长=0.05, 当前最优: B=24.35 S=26.45 ret=121.14% score=121.14
  进度: 72500/87571 (82.8%), 步长=0.05, 当前最优: B=24.35 S=26.45 ret=121.14% score=121.14
  进度: 73000/87571 (83.4%), 步长=0.05, 当前最优: B=24.35 S=26.45 ret=121.14% score=121.14
  进度: 73500/87571 (83.9%), 步长=0.05, 当前最优: B=24.35 S=26.45 ret=121.14% score=121.14
  进度: 74000/87571 (84.5%), 步长=0.05, 当前最优: B=24.35 S=26.45 ret=121.14% score=121.14
  进度: 74500/87571 (85.1%), 步长=0.05, 当前最优: B=24.35 S=26.45 ret=121.14% score=121.14
  进度: 75000/87571 (85.6%), 步长=0.05, 当前最优: B=24.35 S=26.45 ret=121.14% score=121.14
  进度: 75500/87571 (86.2%), 步长=0.05, 当前最优: B=24.35 S=26.45 ret=121.14% score=121.14
  进度: 76000/87571 (86.8%), 步长=0.05, 当前最优: B=24.35 S=26.45 ret=121.14% score=121.14
  进度: 76500/87571 (87.4%), 步长=0.05, 当前最优: B=24.35 S=26.45 ret=121.14% score=121.14
  进度: 77000/87571 (87.9%), 步长=0.05, 当前最优: B=24.35 S=26.45 ret=121.14% score=121.14
  进度: 77500/87571 (88.5%), 步长=0.05, 当前最优: B=24.35 S=26.45 ret=121.14% score=121.14
  进度: 78000/87571 (89.1%), 步长=0.05, 当前最优: B=24.35 S=26.45 ret=121.14% score=121.14
  进度: 78500/87571 (89.6%), 步长=0.05, 当前最优: B=24.35 S=26.45 ret=121.14% score=121.14
  进度: 79000/87571 (90.2%), 步长=0.05, 当前最优: B=24.35 S=26.45 ret=121.14% score=121.14
  进度: 79500/87571 (90.8%), 步长=0.05, 当前最优: B=24.35 S=26.45 ret=121.14% score=121.14
  进度: 80000/87571 (91.4%), 步长=0.05, 当前最优: B=24.35 S=26.45 ret=121.14% score=121.14
  进度: 80500/87571 (91.9%), 步长=0.05, 当前最优: B=24.35 S=26.45 ret=121.14% score=121.14
  进度: 81000/87571 (92.5%), 步长=0.05, 当前最优: B=24.35 S=26.45 ret=121.14% score=121.14
  进度: 81500/87571 (93.1%), 步长=0.05, 当前最优: B=24.35 S=26.45 ret=121.14% score=121.14
  进度: 82000/87571 (93.6%), 步长=0.05, 当前最优: B=24.35 S=26.45 ret=121.14% score=121.14
  进度: 82500/87571 (94.2%), 步长=0.05, 当前最优: B=24.35 S=26.45 ret=121.14% score=121.14
  进度: 83000/87571 (94.8%), 步长=0.05, 当前最优: B=24.35 S=26.45 ret=121.14% score=121.14
  进度: 83500/87571 (95.4%), 步长=0.05, 当前最优: B=24.35 S=26.45 ret=121.14% score=121.14
  进度: 84000/87571 (95.9%), 步长=0.05, 当前最优: B=24.35 S=26.45 ret=121.14% score=121.14
  进度: 84500/87571 (96.5%), 步长=0.05, 当前最优: B=24.35 S=26.45 ret=121.14% score=121.14
  进度: 85000/87571 (97.1%), 步长=0.05, 当前最优: B=24.35 S=26.45 ret=121.14% score=121.14
  进度: 85500/87571 (97.6%), 步长=0.05, 当前最优: B=24.35 S=26.45 ret=121.14% score=121.14
  进度: 86000/87571 (98.2%), 步长=0.05, 当前最优: B=24.35 S=26.45 ret=121.14% score=121.14
  进度: 86500/87571 (98.8%), 步长=0.05, 当前最优: B=24.35 S=26.45 ret=121.14% score=121.14
  进度: 87000/87571 (99.3%), 步长=0.05, 当前最优: B=24.35 S=26.45 ret=121.14% score=121.14
  进度: 87500/87571 (99.9%), 步长=0.05, 当前最优: B=24.35 S=26.45 ret=121.14% score=121.14
  进度: 87571/87571 (100.0%), 步长=0.05, 当前最优: B=24.35 S=26.45 ret=121.14% score=121.14
[003029] 472条 grid=87571 B=24.35 S=26.45 ret=121.14% score=121.14 stb=1.00 16t
  进度: 500/84255 (0.6%), 步长=0.05, 当前最优: B=15.67 S=20.17 ret=28.46% score=13.09
  进度: 1000/84255 (1.2%), 步长=0.05, 当前最优: B=15.67 S=36.07 ret=129.72% score=59.67
  进度: 1500/84255 (1.8%), 步长=0.05, 当前最优: B=15.67 S=36.07 ret=129.72% score=59.67
  进度: 2000/84255 (2.4%), 步长=0.05, 当前最优: B=15.67 S=36.07 ret=129.72% score=59.67
  进度: 2500/84255 (3.0%), 步长=0.05, 当前最优: B=15.67 S=36.07 ret=129.72% score=59.67
  进度: 3000/84255 (3.6%), 步长=0.05, 当前最优: B=15.67 S=36.07 ret=129.72% score=59.67
  进度: 3500/84255 (4.2%), 步长=0.05, 当前最优: B=15.67 S=36.07 ret=129.72% score=59.67
  进度: 4000/84255 (4.7%), 步长=0.05, 当前最优: B=15.67 S=36.07 ret=129.72% score=59.67
  进度: 4500/84255 (5.3%), 步长=0.05, 当前最优: B=15.67 S=36.07 ret=129.72% score=59.67
  进度: 5000/84255 (5.9%), 步长=0.05, 当前最优: B=15.67 S=36.07 ret=129.72% score=59.67
  进度: 5500/84255 (6.5%), 步长=0.05, 当前最优: B=15.67 S=36.07 ret=129.72% score=59.67
  进度: 6000/84255 (7.1%), 步长=0.05, 当前最优: B=15.67 S=36.07 ret=129.72% score=59.67
  进度: 6500/84255 (7.7%), 步长=0.05, 当前最优: B=15.67 S=36.07 ret=129.72% score=59.67
  进度: 7000/84255 (8.3%), 步长=0.05, 当前最优: B=15.67 S=36.07 ret=129.72% score=59.67
  进度: 7500/84255 (8.9%), 步长=0.05, 当前最优: B=15.67 S=36.07 ret=129.72% score=59.67
  进度: 8000/84255 (9.5%), 步长=0.05, 当前最优: B=15.67 S=36.07 ret=129.72% score=59.67
  进度: 8500/84255 (10.1%), 步长=0.05, 当前最优: B=15.67 S=36.07 ret=129.72% score=59.67
  进度: 9000/84255 (10.7%), 步长=0.05, 当前最优: B=15.67 S=36.07 ret=129.72% score=59.67
  进度: 9500/84255 (11.3%), 步长=0.05, 当前最优: B=15.67 S=36.07 ret=129.72% score=59.67
  进度: 10000/84255 (11.9%), 步长=0.05, 当前最优: B=15.67 S=36.07 ret=129.72% score=59.67
  进度: 10500/84255 (12.5%), 步长=0.05, 当前最优: B=15.67 S=36.07 ret=129.72% score=59.67
  进度: 11000/84255 (13.1%), 步长=0.05, 当前最优: B=15.67 S=36.07 ret=129.72% score=59.67
  进度: 11500/84255 (13.6%), 步长=0.05, 当前最优: B=15.67 S=36.07 ret=129.72% score=59.67
  进度: 12000/84255 (14.2%), 步长=0.05, 当前最优: B=15.67 S=36.07 ret=129.72% score=59.67
  进度: 12500/84255 (14.8%), 步长=0.05, 当前最优: B=15.67 S=36.07 ret=129.72% score=59.67
  进度: 13000/84255 (15.4%), 步长=0.05, 当前最优: B=15.67 S=36.07 ret=129.72% score=59.67
  进度: 13500/84255 (16.0%), 步长=0.05, 当前最优: B=15.67 S=36.07 ret=129.72% score=59.67
  进度: 14000/84255 (16.6%), 步长=0.05, 当前最优: B=15.67 S=36.07 ret=129.72% score=59.67
  进度: 14500/84255 (17.2%), 步长=0.05, 当前最优: B=15.67 S=36.07 ret=129.72% score=59.67
  进度: 15000/84255 (17.8%), 步长=0.05, 当前最优: B=15.67 S=36.07 ret=129.72% score=59.67
  进度: 15500/84255 (18.4%), 步长=0.05, 当前最优: B=15.67 S=36.07 ret=129.72% score=59.67
  进度: 16000/84255 (19.0%), 步长=0.05, 当前最优: B=17.62 S=29.47 ret=133.82% score=69.59
  进度: 16500/84255 (19.6%), 步长=0.05, 当前最优: B=17.62 S=29.47 ret=133.82% score=69.59
  进度: 17000/84255 (20.2%), 步长=0.05, 当前最优: B=17.62 S=29.47 ret=133.82% score=69.59
  进度: 17500/84255 (20.8%), 步长=0.05, 当前最优: B=17.62 S=29.47 ret=133.82% score=69.59
  进度: 18000/84255 (21.4%), 步长=0.05, 当前最优: B=17.62 S=29.47 ret=133.82% score=69.59
  进度: 18500/84255 (22.0%), 步长=0.05, 当前最优: B=17.62 S=29.47 ret=133.82% score=69.59
  进度: 19000/84255 (22.6%), 步长=0.05, 当前最优: B=17.62 S=29.47 ret=133.82% score=69.59
  进度: 19500/84255 (23.1%), 步长=0.05, 当前最优: B=17.62 S=29.47 ret=133.82% score=69.59
  进度: 20000/84255 (23.7%), 步长=0.05, 当前最优: B=17.62 S=29.47 ret=133.82% score=69.59
  进度: 20500/84255 (24.3%), 步长=0.05, 当前最优: B=17.62 S=29.47 ret=133.82% score=69.59
  进度: 21000/84255 (24.9%), 步长=0.05, 当前最优: B=17.62 S=29.47 ret=133.82% score=69.59
  进度: 21500/84255 (25.5%), 步长=0.05, 当前最优: B=17.62 S=29.47 ret=133.82% score=69.59
  进度: 22000/84255 (26.1%), 步长=0.05, 当前最优: B=17.62 S=29.47 ret=133.82% score=69.59
  进度: 22500/84255 (26.7%), 步长=0.05, 当前最优: B=17.62 S=29.47 ret=133.82% score=69.59
  进度: 23000/84255 (27.3%), 步长=0.05, 当前最优: B=17.62 S=29.47 ret=133.82% score=69.59
  进度: 23500/84255 (27.9%), 步长=0.05, 当前最优: B=17.62 S=29.47 ret=133.82% score=69.59
  进度: 24000/84255 (28.5%), 步长=0.05, 当前最优: B=17.62 S=29.47 ret=133.82% score=69.59
  进度: 24500/84255 (29.1%), 步长=0.05, 当前最优: B=17.62 S=29.47 ret=133.82% score=69.59
  进度: 25000/84255 (29.7%), 步长=0.05, 当前最优: B=17.62 S=29.47 ret=133.82% score=69.59
  进度: 25500/84255 (30.3%), 步长=0.05, 当前最优: B=17.62 S=29.47 ret=133.82% score=69.59
  进度: 26000/84255 (30.9%), 步长=0.05, 当前最优: B=17.62 S=29.47 ret=133.82% score=69.59
  进度: 26500/84255 (31.5%), 步长=0.05, 当前最优: B=17.62 S=29.47 ret=133.82% score=69.59
  进度: 27000/84255 (32.0%), 步长=0.05, 当前最优: B=17.62 S=29.47 ret=133.82% score=69.59
  进度: 27500/84255 (32.6%), 步长=0.05, 当前最优: B=17.62 S=29.47 ret=133.82% score=69.59
  进度: 28000/84255 (33.2%), 步长=0.05, 当前最优: B=17.62 S=29.47 ret=133.82% score=69.59
  进度: 28500/84255 (33.8%), 步长=0.05, 当前最优: B=17.62 S=29.47 ret=133.82% score=69.59
  进度: 29000/84255 (34.4%), 步长=0.05, 当前最优: B=17.62 S=29.47 ret=133.82% score=69.59
  进度: 29500/84255 (35.0%), 步长=0.05, 当前最优: B=17.62 S=29.47 ret=133.82% score=69.59
  进度: 30000/84255 (35.6%), 步长=0.05, 当前最优: B=17.62 S=29.47 ret=133.82% score=69.59
  进度: 30500/84255 (36.2%), 步长=0.05, 当前最优: B=17.62 S=29.47 ret=133.82% score=69.59
  进度: 31000/84255 (36.8%), 步长=0.05, 当前最优: B=17.62 S=29.47 ret=133.82% score=69.59
  进度: 31500/84255 (37.4%), 步长=0.05, 当前最优: B=17.62 S=29.47 ret=133.82% score=69.59
  进度: 32000/84255 (38.0%), 步长=0.05, 当前最优: B=17.62 S=29.47 ret=133.82% score=69.59
  进度: 32500/84255 (38.6%), 步长=0.05, 当前最优: B=17.62 S=29.47 ret=133.82% score=69.59
  进度: 33000/84255 (39.2%), 步长=0.05, 当前最优: B=17.62 S=29.47 ret=133.82% score=69.59
  进度: 33500/84255 (39.8%), 步长=0.05, 当前最优: B=17.62 S=29.47 ret=133.82% score=69.59
  进度: 34000/84255 (40.4%), 步长=0.05, 当前最优: B=17.62 S=29.47 ret=133.82% score=69.59
  进度: 34500/84255 (40.9%), 步长=0.05, 当前最优: B=17.62 S=29.47 ret=133.82% score=69.59
  进度: 35000/84255 (41.5%), 步长=0.05, 当前最优: B=17.62 S=29.47 ret=133.82% score=69.59
  进度: 35500/84255 (42.1%), 步长=0.05, 当前最优: B=17.62 S=29.47 ret=133.82% score=69.59
  进度: 36000/84255 (42.7%), 步长=0.05, 当前最优: B=17.62 S=29.47 ret=133.82% score=69.59
  进度: 36500/84255 (43.3%), 步长=0.05, 当前最优: B=17.62 S=29.47 ret=133.82% score=69.59
  进度: 37000/84255 (43.9%), 步长=0.05, 当前最优: B=17.62 S=29.47 ret=133.82% score=69.59
  进度: 37500/84255 (44.5%), 步长=0.05, 当前最优: B=17.62 S=29.47 ret=133.82% score=69.59
  进度: 38000/84255 (45.1%), 步长=0.05, 当前最优: B=17.62 S=29.47 ret=133.82% score=69.59
  进度: 38500/84255 (45.7%), 步长=0.05, 当前最优: B=17.62 S=29.47 ret=133.82% score=69.59
  进度: 39000/84255 (46.3%), 步长=0.05, 当前最优: B=17.62 S=29.47 ret=133.82% score=69.59
  进度: 39500/84255 (46.9%), 步长=0.05, 当前最优: B=17.62 S=29.47 ret=133.82% score=69.59
  进度: 40000/84255 (47.5%), 步长=0.05, 当前最优: B=17.62 S=29.47 ret=133.82% score=69.59
  进度: 40500/84255 (48.1%), 步长=0.05, 当前最优: B=17.62 S=29.47 ret=133.82% score=69.59
  进度: 41000/84255 (48.7%), 步长=0.05, 当前最优: B=17.62 S=29.47 ret=133.82% score=69.59
  进度: 41500/84255 (49.3%), 步长=0.05, 当前最优: B=17.62 S=29.47 ret=133.82% score=69.59
  进度: 42000/84255 (49.8%), 步长=0.05, 当前最优: B=17.62 S=29.47 ret=133.82% score=69.59
  进度: 42500/84255 (50.4%), 步长=0.05, 当前最优: B=17.62 S=29.47 ret=133.82% score=69.59
  进度: 43000/84255 (51.0%), 步长=0.05, 当前最优: B=17.62 S=29.47 ret=133.82% score=69.59
  进度: 43500/84255 (51.6%), 步长=0.05, 当前最优: B=17.62 S=29.47 ret=133.82% score=69.59
  进度: 44000/84255 (52.2%), 步长=0.05, 当前最优: B=17.62 S=29.47 ret=133.82% score=69.59
  进度: 44500/84255 (52.8%), 步长=0.05, 当前最优: B=17.62 S=29.47 ret=133.82% score=69.59
  进度: 45000/84255 (53.4%), 步长=0.05, 当前最优: B=17.62 S=29.47 ret=133.82% score=69.59
  进度: 45500/84255 (54.0%), 步长=0.05, 当前最优: B=17.62 S=29.47 ret=133.82% score=69.59
  进度: 46000/84255 (54.6%), 步长=0.05, 当前最优: B=17.62 S=29.47 ret=133.82% score=69.59
  进度: 46500/84255 (55.2%), 步长=0.05, 当前最优: B=17.62 S=29.47 ret=133.82% score=69.59
  进度: 47000/84255 (55.8%), 步长=0.05, 当前最优: B=22.42 S=24.87 ret=85.63% score=75.36
  进度: 47500/84255 (56.4%), 步长=0.05, 当前最优: B=22.42 S=24.87 ret=85.63% score=75.36
  进度: 48000/84255 (57.0%), 步长=0.05, 当前最优: B=22.42 S=24.87 ret=85.63% score=75.36
  进度: 48500/84255 (57.6%), 步长=0.05, 当前最优: B=22.42 S=24.87 ret=85.63% score=75.36
  进度: 49000/84255 (58.2%), 步长=0.05, 当前最优: B=22.42 S=24.87 ret=85.63% score=75.36
  进度: 49500/84255 (58.8%), 步长=0.05, 当前最优: B=22.42 S=24.87 ret=85.63% score=75.36
  进度: 50000/84255 (59.3%), 步长=0.05, 当前最优: B=23.02 S=24.87 ret=78.19% score=78.19
  进度: 50500/84255 (59.9%), 步长=0.05, 当前最优: B=23.12 S=25.42 ret=87.54% score=82.28
  进度: 51000/84255 (60.5%), 步长=0.05, 当前最优: B=23.17 S=25.42 ret=94.90% score=94.90
  进度: 51500/84255 (61.1%), 步长=0.05, 当前最优: B=23.17 S=25.42 ret=94.90% score=94.90
  进度: 52000/84255 (61.7%), 步长=0.05, 当前最优: B=23.17 S=25.42 ret=94.90% score=94.90
  进度: 52500/84255 (62.3%), 步长=0.05, 当前最优: B=23.17 S=25.42 ret=94.90% score=94.90
  进度: 53000/84255 (62.9%), 步长=0.05, 当前最优: B=23.62 S=25.42 ret=96.26% score=96.26
  进度: 53500/84255 (63.5%), 步长=0.05, 当前最优: B=23.62 S=25.42 ret=96.26% score=96.26
  进度: 54000/84255 (64.1%), 步长=0.05, 当前最优: B=23.62 S=25.42 ret=96.26% score=96.26
  进度: 54500/84255 (64.7%), 步长=0.05, 当前最优: B=23.62 S=25.42 ret=96.26% score=96.26
  进度: 55000/84255 (65.3%), 步长=0.05, 当前最优: B=23.62 S=25.42 ret=96.26% score=96.26
  进度: 55500/84255 (65.9%), 步长=0.05, 当前最优: B=23.62 S=25.42 ret=96.26% score=96.26
  进度: 56000/84255 (66.5%), 步长=0.05, 当前最优: B=23.62 S=25.42 ret=96.26% score=96.26
  进度: 56500/84255 (67.1%), 步长=0.05, 当前最优: B=23.62 S=25.42 ret=96.26% score=96.26
  进度: 57000/84255 (67.7%), 步长=0.05, 当前最优: B=23.62 S=25.42 ret=96.26% score=96.26
  进度: 57500/84255 (68.2%), 步长=0.05, 当前最优: B=23.62 S=25.42 ret=96.26% score=96.26
  进度: 58000/84255 (68.8%), 步长=0.05, 当前最优: B=23.62 S=25.42 ret=96.26% score=96.26
  进度: 58500/84255 (69.4%), 步长=0.05, 当前最优: B=23.62 S=25.42 ret=96.26% score=96.26
  进度: 59000/84255 (70.0%), 步长=0.05, 当前最优: B=23.62 S=25.42 ret=96.26% score=96.26
  进度: 59500/84255 (70.6%), 步长=0.05, 当前最优: B=23.62 S=25.42 ret=96.26% score=96.26
  进度: 60000/84255 (71.2%), 步长=0.05, 当前最优: B=23.62 S=25.42 ret=96.26% score=96.26
  进度: 60500/84255 (71.8%), 步长=0.05, 当前最优: B=23.62 S=25.42 ret=96.26% score=96.26
  进度: 61000/84255 (72.4%), 步长=0.05, 当前最优: B=23.62 S=25.42 ret=96.26% score=96.26
  进度: 61500/84255 (73.0%), 步长=0.05, 当前最优: B=23.62 S=25.42 ret=96.26% score=96.26
  进度: 62000/84255 (73.6%), 步长=0.05, 当前最优: B=23.62 S=25.42 ret=96.26% score=96.26
  进度: 62500/84255 (74.2%), 步长=0.05, 当前最优: B=23.62 S=25.42 ret=96.26% score=96.26
  进度: 63000/84255 (74.8%), 步长=0.05, 当前最优: B=23.62 S=25.42 ret=96.26% score=96.26
  进度: 63500/84255 (75.4%), 步长=0.05, 当前最优: B=23.62 S=25.42 ret=96.26% score=96.26
  进度: 64000/84255 (76.0%), 步长=0.05, 当前最优: B=23.62 S=25.42 ret=96.26% score=96.26
  进度: 64500/84255 (76.6%), 步长=0.05, 当前最优: B=23.62 S=25.42 ret=96.26% score=96.26
  进度: 65000/84255 (77.1%), 步长=0.05, 当前最优: B=23.62 S=25.42 ret=96.26% score=96.26
  进度: 65500/84255 (77.7%), 步长=0.05, 当前最优: B=23.62 S=25.42 ret=96.26% score=96.26
  进度: 66000/84255 (78.3%), 步长=0.05, 当前最优: B=23.62 S=25.42 ret=96.26% score=96.26
  进度: 66500/84255 (78.9%), 步长=0.05, 当前最优: B=23.62 S=25.42 ret=96.26% score=96.26
  进度: 67000/84255 (79.5%), 步长=0.05, 当前最优: B=23.62 S=25.42 ret=96.26% score=96.26
  进度: 67500/84255 (80.1%), 步长=0.05, 当前最优: B=23.62 S=25.42 ret=96.26% score=96.26
  进度: 68000/84255 (80.7%), 步长=0.05, 当前最优: B=23.62 S=25.42 ret=96.26% score=96.26
  进度: 68500/84255 (81.3%), 步长=0.05, 当前最优: B=23.62 S=25.42 ret=96.26% score=96.26
  进度: 69000/84255 (81.9%), 步长=0.05, 当前最优: B=23.62 S=25.42 ret=96.26% score=96.26
  进度: 69500/84255 (82.5%), 步长=0.05, 当前最优: B=23.62 S=25.42 ret=96.26% score=96.26
  进度: 70000/84255 (83.1%), 步长=0.05, 当前最优: B=23.62 S=25.42 ret=96.26% score=96.26
  进度: 70500/84255 (83.7%), 步长=0.05, 当前最优: B=23.62 S=25.42 ret=96.26% score=96.26
  进度: 71000/84255 (84.3%), 步长=0.05, 当前最优: B=23.62 S=25.42 ret=96.26% score=96.26
  进度: 71500/84255 (84.9%), 步长=0.05, 当前最优: B=23.62 S=25.42 ret=96.26% score=96.26
  进度: 72000/84255 (85.5%), 步长=0.05, 当前最优: B=23.62 S=25.42 ret=96.26% score=96.26
  进度: 72500/84255 (86.0%), 步长=0.05, 当前最优: B=23.62 S=25.42 ret=96.26% score=96.26
  进度: 73000/84255 (86.6%), 步长=0.05, 当前最优: B=23.62 S=25.42 ret=96.26% score=96.26
  进度: 73500/84255 (87.2%), 步长=0.05, 当前最优: B=23.62 S=25.42 ret=96.26% score=96.26
  进度: 74000/84255 (87.8%), 步长=0.05, 当前最优: B=23.62 S=25.42 ret=96.26% score=96.26
  进度: 74500/84255 (88.4%), 步长=0.05, 当前最优: B=23.62 S=25.42 ret=96.26% score=96.26
  进度: 75000/84255 (89.0%), 步长=0.05, 当前最优: B=23.62 S=25.42 ret=96.26% score=96.26
  进度: 75500/84255 (89.6%), 步长=0.05, 当前最优: B=23.62 S=25.42 ret=96.26% score=96.26
  进度: 76000/84255 (90.2%), 步长=0.05, 当前最优: B=23.62 S=25.42 ret=96.26% score=96.26
  进度: 76500/84255 (90.8%), 步长=0.05, 当前最优: B=23.62 S=25.42 ret=96.26% score=96.26
  进度: 77000/84255 (91.4%), 步长=0.05, 当前最优: B=23.62 S=25.42 ret=96.26% score=96.26
  进度: 77500/84255 (92.0%), 步长=0.05, 当前最优: B=23.62 S=25.42 ret=96.26% score=96.26
  进度: 78000/84255 (92.6%), 步长=0.05, 当前最优: B=23.62 S=25.42 ret=96.26% score=96.26
  进度: 78500/84255 (93.2%), 步长=0.05, 当前最优: B=23.62 S=25.42 ret=96.26% score=96.26
  进度: 79000/84255 (93.8%), 步长=0.05, 当前最优: B=23.62 S=25.42 ret=96.26% score=96.26
  进度: 79500/84255 (94.4%), 步长=0.05, 当前最优: B=23.62 S=25.42 ret=96.26% score=96.26
  进度: 80000/84255 (94.9%), 步长=0.05, 当前最优: B=23.62 S=25.42 ret=96.26% score=96.26
  进度: 80500/84255 (95.5%), 步长=0.05, 当前最优: B=23.62 S=25.42 ret=96.26% score=96.26
  进度: 81000/84255 (96.1%), 步长=0.05, 当前最优: B=23.62 S=25.42 ret=96.26% score=96.26
  进度: 81500/84255 (96.7%), 步长=0.05, 当前最优: B=23.62 S=25.42 ret=96.26% score=96.26
  进度: 82000/84255 (97.3%), 步长=0.05, 当前最优: B=23.62 S=25.42 ret=96.26% score=96.26
  进度: 82500/84255 (97.9%), 步长=0.05, 当前最优: B=23.62 S=25.42 ret=96.26% score=96.26
  进度: 83000/84255 (98.5%), 步长=0.05, 当前最优: B=23.62 S=25.42 ret=96.26% score=96.26
  进度: 83500/84255 (99.1%), 步长=0.05, 当前最优: B=23.62 S=25.42 ret=96.26% score=96.26
  进度: 84000/84255 (99.7%), 步长=0.05, 当前最优: B=23.62 S=25.42 ret=96.26% score=96.26
  进度: 84255/84255 (100.0%), 步长=0.05, 当前最优: B=23.62 S=25.42 ret=96.26% score=96.26
[300540] 472条 grid=84255 B=23.62 S=25.42 ret=96.26% score=96.26 stb=1.00 13t
  进度: 500/28203 (1.8%), 步长=0.02, 当前最优: B=5.06 S=7.26 ret=43.19% score=19.87
  进度: 1000/28203 (3.5%), 步长=0.02, 当前最优: B=5.06 S=7.26 ret=43.19% score=19.87
  进度: 1500/28203 (5.3%), 步长=0.02, 当前最优: B=5.06 S=7.26 ret=43.19% score=19.87
  进度: 2000/28203 (7.1%), 步长=0.02, 当前最优: B=5.20 S=7.26 ret=45.77% score=21.05
  进度: 2500/28203 (8.9%), 步长=0.02, 当前最优: B=5.20 S=7.26 ret=45.77% score=21.05
  进度: 3000/28203 (10.6%), 步长=0.02, 当前最优: B=5.20 S=7.26 ret=45.77% score=21.05
  进度: 3500/28203 (12.4%), 步长=0.02, 当前最优: B=5.20 S=7.26 ret=45.77% score=21.05
  进度: 4000/28203 (14.2%), 步长=0.02, 当前最优: B=5.20 S=7.26 ret=45.77% score=21.05
  进度: 4500/28203 (16.0%), 步长=0.02, 当前最优: B=5.20 S=7.26 ret=45.77% score=21.05
  进度: 5000/28203 (17.7%), 步长=0.02, 当前最优: B=5.20 S=7.26 ret=45.77% score=21.05
  进度: 5500/28203 (19.5%), 步长=0.02, 当前最优: B=5.20 S=7.26 ret=45.77% score=21.05
  进度: 6000/28203 (21.3%), 步长=0.02, 当前最优: B=5.20 S=7.26 ret=45.77% score=21.05
  进度: 6500/28203 (23.0%), 步长=0.02, 当前最优: B=5.58 S=7.04 ret=51.01% score=26.52
  进度: 7000/28203 (24.8%), 步长=0.02, 当前最优: B=5.66 S=6.72 ret=53.25% score=30.89
  进度: 7500/28203 (26.6%), 步长=0.02, 当前最优: B=5.66 S=6.72 ret=53.25% score=30.89
  进度: 8000/28203 (28.4%), 步长=0.02, 当前最优: B=5.66 S=6.72 ret=53.25% score=30.89
  进度: 8500/28203 (30.1%), 步长=0.02, 当前最优: B=5.66 S=6.72 ret=53.25% score=30.89
  进度: 9000/28203 (31.9%), 步长=0.02, 当前最优: B=5.66 S=6.72 ret=53.25% score=30.89
  进度: 9500/28203 (33.7%), 步长=0.02, 当前最优: B=5.66 S=6.72 ret=53.25% score=30.89
  进度: 10000/28203 (35.5%), 步长=0.02, 当前最优: B=5.66 S=6.72 ret=53.25% score=30.89
  进度: 10500/28203 (37.2%), 步长=0.02, 当前最优: B=6.02 S=6.60 ret=48.43% score=36.80
  进度: 11000/28203 (39.0%), 步长=0.02, 当前最优: B=6.02 S=6.60 ret=48.43% score=36.80
  进度: 11500/28203 (40.8%), 步长=0.02, 当前最优: B=6.02 S=6.60 ret=48.43% score=36.80
  进度: 12000/28203 (42.5%), 步长=0.02, 当前最优: B=6.18 S=6.60 ret=42.22% score=37.15
  进度: 12500/28203 (44.3%), 步长=0.02, 当前最优: B=6.24 S=6.60 ret=44.27% score=44.27
  进度: 13000/28203 (46.1%), 步长=0.02, 当前最优: B=6.28 S=6.60 ret=46.75% score=46.75
  进度: 13500/28203 (47.9%), 步长=0.02, 当前最优: B=6.28 S=6.60 ret=46.75% score=46.75
  进度: 14000/28203 (49.6%), 步长=0.02, 当前最优: B=6.28 S=6.60 ret=46.75% score=46.75
  进度: 14500/28203 (51.4%), 步长=0.02, 当前最优: B=6.28 S=6.60 ret=46.75% score=46.75
  进度: 15000/28203 (53.2%), 步长=0.02, 当前最优: B=6.28 S=6.60 ret=46.75% score=46.75
  进度: 15500/28203 (55.0%), 步长=0.02, 当前最优: B=6.28 S=6.60 ret=46.75% score=46.75
  进度: 16000/28203 (56.7%), 步长=0.02, 当前最优: B=6.28 S=6.60 ret=46.75% score=46.75
  进度: 16500/28203 (58.5%), 步长=0.02, 当前最优: B=6.28 S=6.60 ret=46.75% score=46.75
  进度: 17000/28203 (60.3%), 步长=0.02, 当前最优: B=6.28 S=6.60 ret=46.75% score=46.75
  进度: 17500/28203 (62.1%), 步长=0.02, 当前最优: B=6.28 S=6.60 ret=46.75% score=46.75
  进度: 18000/28203 (63.8%), 步长=0.02, 当前最优: B=6.28 S=6.60 ret=46.75% score=46.75
  进度: 18500/28203 (65.6%), 步长=0.02, 当前最优: B=6.28 S=6.60 ret=46.75% score=46.75
  进度: 19000/28203 (67.4%), 步长=0.02, 当前最优: B=6.28 S=6.60 ret=46.75% score=46.75
  进度: 19500/28203 (69.1%), 步长=0.02, 当前最优: B=6.28 S=6.60 ret=46.75% score=46.75
  进度: 20000/28203 (70.9%), 步长=0.02, 当前最优: B=6.28 S=6.60 ret=46.75% score=46.75
  进度: 20500/28203 (72.7%), 步长=0.02, 当前最优: B=6.28 S=6.60 ret=46.75% score=46.75
  进度: 21000/28203 (74.5%), 步长=0.02, 当前最优: B=6.28 S=6.60 ret=46.75% score=46.75
  进度: 21500/28203 (76.2%), 步长=0.02, 当前最优: B=6.28 S=6.60 ret=46.75% score=46.75
  进度: 22000/28203 (78.0%), 步长=0.02, 当前最优: B=6.28 S=6.60 ret=46.75% score=46.75
  进度: 22500/28203 (79.8%), 步长=0.02, 当前最优: B=6.28 S=6.60 ret=46.75% score=46.75
  进度: 23000/28203 (81.6%), 步长=0.02, 当前最优: B=6.28 S=6.60 ret=46.75% score=46.75
  进度: 23500/28203 (83.3%), 步长=0.02, 当前最优: B=6.28 S=6.60 ret=46.75% score=46.75
  进度: 24000/28203 (85.1%), 步长=0.02, 当前最优: B=6.28 S=6.60 ret=46.75% score=46.75
  进度: 24500/28203 (86.9%), 步长=0.02, 当前最优: B=6.28 S=6.60 ret=46.75% score=46.75
  进度: 25000/28203 (88.6%), 步长=0.02, 当前最优: B=6.28 S=6.60 ret=46.75% score=46.75
  进度: 25500/28203 (90.4%), 步长=0.02, 当前最优: B=6.28 S=6.60 ret=46.75% score=46.75
  进度: 26000/28203 (92.2%), 步长=0.02, 当前最优: B=6.28 S=6.60 ret=46.75% score=46.75
  进度: 26500/28203 (94.0%), 步长=0.02, 当前最优: B=6.28 S=6.60 ret=46.75% score=46.75
  进度: 27000/28203 (95.7%), 步长=0.02, 当前最优: B=6.28 S=6.60 ret=46.75% score=46.75
  进度: 27500/28203 (97.5%), 步长=0.02, 当前最优: B=6.28 S=6.60 ret=46.75% score=46.75
  进度: 28000/28203 (99.3%), 步长=0.02, 当前最优: B=6.28 S=6.60 ret=46.75% score=46.75
  进度: 28203/28203 (100.0%), 步长=0.02, 当前最优: B=6.28 S=6.60 ret=46.75% score=46.75
[600975] 472条 grid=28203 B=6.28 S=6.60 ret=46.75% score=46.75 stb=1.00 12t
  进度: 500/102378 (0.5%), 步长=0.02, 当前最优: B=12.77 S=13.73 ret=7.30% score=3.36
  进度: 1000/102378 (1.0%), 步长=0.02, 当前最优: B=12.77 S=21.77 ret=70.14% score=32.26
  进度: 1500/102378 (1.5%), 步长=0.02, 当前最优: B=12.77 S=21.77 ret=70.14% score=32.26
  进度: 2000/102378 (2.0%), 步长=0.02, 当前最优: B=12.77 S=21.77 ret=70.14% score=32.26
  进度: 2500/102378 (2.4%), 步长=0.02, 当前最优: B=12.77 S=21.77 ret=70.14% score=32.26
  进度: 3000/102378 (2.9%), 步长=0.02, 当前最优: B=12.77 S=21.77 ret=70.14% score=32.26
  进度: 3500/102378 (3.4%), 步长=0.02, 当前最优: B=12.77 S=21.77 ret=70.14% score=32.26
  进度: 4000/102378 (3.9%), 步长=0.02, 当前最优: B=12.77 S=21.77 ret=70.14% score=32.26
  进度: 4500/102378 (4.4%), 步长=0.02, 当前最优: B=12.77 S=21.77 ret=70.14% score=32.26
  进度: 5000/102378 (4.9%), 步长=0.02, 当前最优: B=12.77 S=21.77 ret=70.14% score=32.26
  进度: 5500/102378 (5.4%), 步长=0.02, 当前最优: B=12.77 S=21.77 ret=70.14% score=32.26
  进度: 6000/102378 (5.9%), 步长=0.02, 当前最优: B=12.77 S=21.77 ret=70.14% score=32.26
  进度: 6500/102378 (6.3%), 步长=0.02, 当前最优: B=12.77 S=21.77 ret=70.14% score=32.26
  进度: 7000/102378 (6.8%), 步长=0.02, 当前最优: B=12.77 S=21.77 ret=70.14% score=32.26
  进度: 7500/102378 (7.3%), 步长=0.02, 当前最优: B=12.77 S=21.77 ret=70.14% score=32.26
  进度: 8000/102378 (7.8%), 步长=0.02, 当前最优: B=12.77 S=21.77 ret=70.14% score=32.26
  进度: 8500/102378 (8.3%), 步长=0.02, 当前最优: B=12.77 S=21.77 ret=70.14% score=32.26
  进度: 9000/102378 (8.8%), 步长=0.02, 当前最优: B=12.77 S=21.77 ret=70.14% score=32.26
  进度: 9500/102378 (9.3%), 步长=0.02, 当前最优: B=12.77 S=21.77 ret=70.14% score=32.26
  进度: 10000/102378 (9.8%), 步长=0.02, 当前最优: B=12.77 S=21.77 ret=70.14% score=32.26
  进度: 10500/102378 (10.3%), 步长=0.02, 当前最优: B=12.77 S=21.77 ret=70.14% score=32.26
  进度: 11000/102378 (10.7%), 步长=0.02, 当前最优: B=12.77 S=21.77 ret=70.14% score=32.26
  进度: 11500/102378 (11.2%), 步长=0.02, 当前最优: B=12.77 S=21.77 ret=70.14% score=32.26
  进度: 12000/102378 (11.7%), 步长=0.02, 当前最优: B=12.77 S=21.77 ret=70.14% score=32.26
  进度: 12500/102378 (12.2%), 步长=0.02, 当前最优: B=12.77 S=21.77 ret=70.14% score=32.26
  进度: 13000/102378 (12.7%), 步长=0.02, 当前最优: B=12.77 S=21.77 ret=70.14% score=32.26
  进度: 13500/102378 (13.2%), 步长=0.02, 当前最优: B=12.77 S=21.77 ret=70.14% score=32.26
  进度: 14000/102378 (13.7%), 步长=0.02, 当前最优: B=12.77 S=21.77 ret=70.14% score=32.26
  进度: 14500/102378 (14.2%), 步长=0.02, 当前最优: B=12.77 S=21.77 ret=70.14% score=32.26
  进度: 15000/102378 (14.7%), 步长=0.02, 当前最优: B=12.77 S=21.77 ret=70.14% score=32.26
  进度: 15500/102378 (15.1%), 步长=0.02, 当前最优: B=12.77 S=21.77 ret=70.14% score=32.26
  进度: 16000/102378 (15.6%), 步长=0.02, 当前最优: B=12.77 S=21.77 ret=70.14% score=32.26
  进度: 16500/102378 (16.1%), 步长=0.02, 当前最优: B=12.77 S=21.77 ret=70.14% score=32.26
  进度: 17000/102378 (16.6%), 步长=0.02, 当前最优: B=12.77 S=21.77 ret=70.14% score=32.26
  进度: 17500/102378 (17.1%), 步长=0.02, 当前最优: B=12.77 S=21.77 ret=70.14% score=32.26
  进度: 18000/102378 (17.6%), 步长=0.02, 当前最优: B=12.77 S=21.77 ret=70.14% score=32.26
  进度: 18500/102378 (18.1%), 步长=0.02, 当前最优: B=12.77 S=21.77 ret=70.14% score=32.26
  进度: 19000/102378 (18.6%), 步长=0.02, 当前最优: B=12.77 S=21.77 ret=70.14% score=32.26
  进度: 19500/102378 (19.0%), 步长=0.02, 当前最优: B=12.77 S=21.77 ret=70.14% score=32.26
  进度: 20000/102378 (19.5%), 步长=0.02, 当前最优: B=12.77 S=21.77 ret=70.14% score=32.26
  进度: 20500/102378 (20.0%), 步长=0.02, 当前最优: B=12.77 S=21.77 ret=70.14% score=32.26
  进度: 21000/102378 (20.5%), 步长=0.02, 当前最优: B=12.77 S=21.77 ret=70.14% score=32.26
  进度: 21500/102378 (21.0%), 步长=0.02, 当前最优: B=12.77 S=21.77 ret=70.14% score=32.26
  进度: 22000/102378 (21.5%), 步长=0.02, 当前最优: B=12.77 S=21.77 ret=70.14% score=32.26
  进度: 22500/102378 (22.0%), 步长=0.02, 当前最优: B=12.77 S=21.77 ret=70.14% score=32.26
  进度: 23000/102378 (22.5%), 步长=0.02, 当前最优: B=12.77 S=21.77 ret=70.14% score=32.26
  进度: 23500/102378 (23.0%), 步长=0.02, 当前最优: B=12.77 S=21.77 ret=70.14% score=32.26
  进度: 24000/102378 (23.4%), 步长=0.02, 当前最优: B=13.87 S=18.43 ret=65.22% score=33.91
  进度: 24500/102378 (23.9%), 步长=0.02, 当前最优: B=13.87 S=21.19 ret=104.93% score=54.56
  进度: 25000/102378 (24.4%), 步长=0.02, 当前最优: B=13.87 S=21.19 ret=104.93% score=54.56
  进度: 25500/102378 (24.9%), 步长=0.02, 当前最优: B=13.87 S=21.19 ret=104.93% score=54.56
  进度: 26000/102378 (25.4%), 步长=0.02, 当前最优: B=13.87 S=21.19 ret=104.93% score=54.56
  进度: 26500/102378 (25.9%), 步长=0.02, 当前最优: B=13.87 S=21.19 ret=104.93% score=54.56
  进度: 27000/102378 (26.4%), 步长=0.02, 当前最优: B=13.87 S=21.19 ret=104.93% score=54.56
  进度: 27500/102378 (26.9%), 步长=0.02, 当前最优: B=13.87 S=21.19 ret=104.93% score=54.56
  进度: 28000/102378 (27.3%), 步长=0.02, 当前最优: B=13.87 S=21.19 ret=104.93% score=54.56
  进度: 28500/102378 (27.8%), 步长=0.02, 当前最优: B=13.87 S=21.19 ret=104.93% score=54.56
  进度: 29000/102378 (28.3%), 步长=0.02, 当前最优: B=13.87 S=21.19 ret=104.93% score=54.56
  进度: 29500/102378 (28.8%), 步长=0.02, 当前最优: B=13.87 S=21.19 ret=104.93% score=54.56
  进度: 30000/102378 (29.3%), 步长=0.02, 当前最优: B=13.87 S=21.19 ret=104.93% score=54.56
  进度: 30500/102378 (29.8%), 步长=0.02, 当前最优: B=13.87 S=21.19 ret=104.93% score=54.56
  进度: 31000/102378 (30.3%), 步长=0.02, 当前最优: B=13.87 S=21.19 ret=104.93% score=54.56
  进度: 31500/102378 (30.8%), 步长=0.02, 当前最优: B=13.87 S=21.19 ret=104.93% score=54.56
  进度: 32000/102378 (31.3%), 步长=0.02, 当前最优: B=13.87 S=21.19 ret=104.93% score=54.56
  进度: 32500/102378 (31.7%), 步长=0.02, 当前最优: B=13.87 S=21.19 ret=104.93% score=54.56
  进度: 33000/102378 (32.2%), 步长=0.02, 当前最优: B=13.87 S=21.19 ret=104.93% score=54.56
  进度: 33500/102378 (32.7%), 步长=0.02, 当前最优: B=13.87 S=21.19 ret=104.93% score=54.56
  进度: 34000/102378 (33.2%), 步长=0.02, 当前最优: B=13.87 S=21.19 ret=104.93% score=54.56
  进度: 34500/102378 (33.7%), 步长=0.02, 当前最优: B=13.87 S=21.19 ret=104.93% score=54.56
  进度: 35000/102378 (34.2%), 步长=0.02, 当前最优: B=13.87 S=21.19 ret=104.93% score=54.56
  进度: 35500/102378 (34.7%), 步长=0.02, 当前最优: B=13.87 S=21.19 ret=104.93% score=54.56
  进度: 36000/102378 (35.2%), 步长=0.02, 当前最优: B=13.87 S=21.19 ret=104.93% score=54.56
  进度: 36500/102378 (35.7%), 步长=0.02, 当前最优: B=13.87 S=21.19 ret=104.93% score=54.56
  进度: 37000/102378 (36.1%), 步长=0.02, 当前最优: B=13.87 S=21.19 ret=104.93% score=54.56
  进度: 37500/102378 (36.6%), 步长=0.02, 当前最优: B=13.87 S=21.19 ret=104.93% score=54.56
  进度: 38000/102378 (37.1%), 步长=0.02, 当前最优: B=13.87 S=21.19 ret=104.93% score=54.56
  进度: 38500/102378 (37.6%), 步长=0.02, 当前最优: B=13.87 S=21.19 ret=104.93% score=54.56
  进度: 39000/102378 (38.1%), 步长=0.02, 当前最优: B=13.87 S=21.19 ret=104.93% score=54.56
  进度: 39500/102378 (38.6%), 步长=0.02, 当前最优: B=13.87 S=21.19 ret=104.93% score=54.56
  进度: 40000/102378 (39.1%), 步长=0.02, 当前最优: B=13.87 S=21.19 ret=104.93% score=54.56
  进度: 40500/102378 (39.6%), 步长=0.02, 当前最优: B=13.87 S=21.19 ret=104.93% score=54.56
  进度: 41000/102378 (40.0%), 步长=0.02, 当前最优: B=13.87 S=21.19 ret=104.93% score=54.56
  进度: 41500/102378 (40.5%), 步长=0.02, 当前最优: B=13.87 S=21.19 ret=104.93% score=54.56
  进度: 42000/102378 (41.0%), 步长=0.02, 当前最优: B=13.87 S=21.19 ret=104.93% score=54.56
  进度: 42500/102378 (41.5%), 步长=0.02, 当前最优: B=13.87 S=21.19 ret=104.93% score=54.56
  进度: 43000/102378 (42.0%), 步长=0.02, 当前最优: B=13.87 S=21.19 ret=104.93% score=54.56
  进度: 43500/102378 (42.5%), 步长=0.02, 当前最优: B=13.87 S=21.19 ret=104.93% score=54.56
  进度: 44000/102378 (43.0%), 步长=0.02, 当前最优: B=13.87 S=21.19 ret=104.93% score=54.56
  进度: 44500/102378 (43.5%), 步长=0.02, 当前最优: B=13.87 S=21.19 ret=104.93% score=54.56
  进度: 45000/102378 (44.0%), 步长=0.02, 当前最优: B=13.87 S=21.19 ret=104.93% score=54.56
  进度: 45500/102378 (44.4%), 步长=0.02, 当前最优: B=13.87 S=21.19 ret=104.93% score=54.56
  进度: 46000/102378 (44.9%), 步长=0.02, 当前最优: B=13.87 S=21.19 ret=104.93% score=54.56
  进度: 46500/102378 (45.4%), 步长=0.02, 当前最优: B=13.87 S=21.19 ret=104.93% score=54.56
  进度: 47000/102378 (45.9%), 步长=0.02, 当前最优: B=13.87 S=21.19 ret=104.93% score=54.56
  进度: 47500/102378 (46.4%), 步长=0.02, 当前最优: B=13.87 S=21.19 ret=104.93% score=54.56
  进度: 48000/102378 (46.9%), 步长=0.02, 当前最优: B=13.87 S=21.19 ret=104.93% score=54.56
  进度: 48500/102378 (47.4%), 步长=0.02, 当前最优: B=13.87 S=21.19 ret=104.93% score=54.56
  进度: 49000/102378 (47.9%), 步长=0.02, 当前最优: B=13.87 S=21.19 ret=104.93% score=54.56
  进度: 49500/102378 (48.4%), 步长=0.02, 当前最优: B=13.87 S=21.19 ret=104.93% score=54.56
  进度: 50000/102378 (48.8%), 步长=0.02, 当前最优: B=13.87 S=21.19 ret=104.93% score=54.56
  进度: 50500/102378 (49.3%), 步长=0.02, 当前最优: B=13.87 S=21.19 ret=104.93% score=54.56
  进度: 51000/102378 (49.8%), 步长=0.02, 当前最优: B=13.87 S=21.19 ret=104.93% score=54.56
  进度: 51500/102378 (50.3%), 步长=0.02, 当前最优: B=13.87 S=21.19 ret=104.93% score=54.56
  进度: 52000/102378 (50.8%), 步长=0.02, 当前最优: B=13.87 S=21.19 ret=104.93% score=54.56
  进度: 52500/102378 (51.3%), 步长=0.02, 当前最优: B=13.87 S=21.19 ret=104.93% score=54.56
  进度: 53000/102378 (51.8%), 步长=0.02, 当前最优: B=13.87 S=21.19 ret=104.93% score=54.56
  进度: 53500/102378 (52.3%), 步长=0.02, 当前最优: B=13.87 S=21.19 ret=104.93% score=54.56
  进度: 54000/102378 (52.7%), 步长=0.02, 当前最优: B=13.87 S=21.19 ret=104.93% score=54.56
  进度: 54500/102378 (53.2%), 步长=0.02, 当前最优: B=13.87 S=21.19 ret=104.93% score=54.56
  进度: 55000/102378 (53.7%), 步长=0.02, 当前最优: B=13.87 S=21.19 ret=104.93% score=54.56
  进度: 55500/102378 (54.2%), 步长=0.02, 当前最优: B=13.87 S=21.19 ret=104.93% score=54.56
  进度: 56000/102378 (54.7%), 步长=0.02, 当前最优: B=13.87 S=21.19 ret=104.93% score=54.56
  进度: 56500/102378 (55.2%), 步长=0.02, 当前最优: B=13.87 S=21.19 ret=104.93% score=54.56
  进度: 57000/102378 (55.7%), 步长=0.02, 当前最优: B=13.87 S=21.19 ret=104.93% score=54.56
  进度: 57500/102378 (56.2%), 步长=0.02, 当前最优: B=13.87 S=21.19 ret=104.93% score=54.56
  进度: 58000/102378 (56.7%), 步长=0.02, 当前最优: B=13.87 S=21.19 ret=104.93% score=54.56
  进度: 58500/102378 (57.1%), 步长=0.02, 当前最优: B=13.87 S=21.19 ret=104.93% score=54.56
  进度: 59000/102378 (57.6%), 步长=0.02, 当前最优: B=13.87 S=21.19 ret=104.93% score=54.56
  进度: 59500/102378 (58.1%), 步长=0.02, 当前最优: B=13.87 S=21.19 ret=104.93% score=54.56
  进度: 60000/102378 (58.6%), 步长=0.02, 当前最优: B=13.87 S=21.19 ret=104.93% score=54.56
  进度: 60500/102378 (59.1%), 步长=0.02, 当前最优: B=13.87 S=21.19 ret=104.93% score=54.56
  进度: 61000/102378 (59.6%), 步长=0.02, 当前最优: B=13.87 S=21.19 ret=104.93% score=54.56
  进度: 61500/102378 (60.1%), 步长=0.02, 当前最优: B=13.87 S=21.19 ret=104.93% score=54.56
  进度: 62000/102378 (60.6%), 步长=0.02, 当前最优: B=13.87 S=21.19 ret=104.93% score=54.56
  进度: 62500/102378 (61.0%), 步长=0.02, 当前最优: B=13.87 S=21.19 ret=104.93% score=54.56
  进度: 63000/102378 (61.5%), 步长=0.02, 当前最优: B=13.87 S=21.19 ret=104.93% score=54.56
  进度: 63500/102378 (62.0%), 步长=0.02, 当前最优: B=13.87 S=21.19 ret=104.93% score=54.56
  进度: 64000/102378 (62.5%), 步长=0.02, 当前最优: B=13.87 S=21.19 ret=104.93% score=54.56
  进度: 64500/102378 (63.0%), 步长=0.02, 当前最优: B=13.87 S=21.19 ret=104.93% score=54.56
  进度: 65000/102378 (63.5%), 步长=0.02, 当前最优: B=13.87 S=21.19 ret=104.93% score=54.56
  进度: 65500/102378 (64.0%), 步长=0.02, 当前最优: B=13.87 S=21.19 ret=104.93% score=54.56
  进度: 66000/102378 (64.5%), 步长=0.02, 当前最优: B=13.87 S=21.19 ret=104.93% score=54.56
  进度: 66500/102378 (65.0%), 步长=0.02, 当前最优: B=13.87 S=21.19 ret=104.93% score=54.56
  进度: 67000/102378 (65.4%), 步长=0.02, 当前最优: B=13.87 S=21.19 ret=104.93% score=54.56
  进度: 67500/102378 (65.9%), 步长=0.02, 当前最优: B=13.87 S=21.19 ret=104.93% score=54.56
  进度: 68000/102378 (66.4%), 步长=0.02, 当前最优: B=13.87 S=21.19 ret=104.93% score=54.56
  进度: 68500/102378 (66.9%), 步长=0.02, 当前最优: B=13.87 S=21.19 ret=104.93% score=54.56
  进度: 69000/102378 (67.4%), 步长=0.02, 当前最优: B=13.87 S=21.19 ret=104.93% score=54.56
  进度: 69500/102378 (67.9%), 步长=0.02, 当前最优: B=13.87 S=21.19 ret=104.93% score=54.56
  进度: 70000/102378 (68.4%), 步长=0.02, 当前最优: B=13.87 S=21.19 ret=104.93% score=54.56
  进度: 70500/102378 (68.9%), 步长=0.02, 当前最优: B=16.71 S=18.99 ret=72.63% score=55.20
  进度: 71000/102378 (69.4%), 步长=0.02, 当前最优: B=16.71 S=18.99 ret=72.63% score=55.20
  进度: 71500/102378 (69.8%), 步长=0.02, 当前最优: B=16.71 S=18.99 ret=72.63% score=55.20
  进度: 72000/102378 (70.3%), 步长=0.02, 当前最优: B=16.71 S=18.99 ret=72.63% score=55.20
  进度: 72500/102378 (70.8%), 步长=0.02, 当前最优: B=16.71 S=18.99 ret=72.63% score=55.20
  进度: 73000/102378 (71.3%), 步长=0.02, 当前最优: B=16.91 S=18.99 ret=75.56% score=61.96
  进度: 73500/102378 (71.8%), 步长=0.02, 当前最优: B=16.91 S=18.99 ret=75.56% score=61.96
  进度: 74000/102378 (72.3%), 步长=0.02, 当前最优: B=16.91 S=18.99 ret=75.56% score=61.96
  进度: 74500/102378 (72.8%), 步长=0.02, 当前最优: B=16.91 S=18.99 ret=75.56% score=61.96
  进度: 75000/102378 (73.3%), 步长=0.02, 当前最优: B=16.91 S=18.99 ret=75.56% score=61.96
  进度: 75500/102378 (73.7%), 步长=0.02, 当前最优: B=16.91 S=18.99 ret=75.56% score=61.96
  进度: 76000/102378 (74.2%), 步长=0.02, 当前最优: B=17.17 S=18.49 ret=64.38% score=64.38
  进度: 76500/102378 (74.7%), 步长=0.02, 当前最优: B=17.17 S=18.49 ret=64.38% score=64.38
  进度: 77000/102378 (75.2%), 步长=0.02, 当前最优: B=17.27 S=18.49 ret=64.49% score=64.49
  进度: 77500/102378 (75.7%), 步长=0.02, 当前最优: B=17.27 S=18.49 ret=64.49% score=64.49
  进度: 78000/102378 (76.2%), 步长=0.02, 当前最优: B=17.27 S=18.49 ret=64.49% score=64.49
  进度: 78500/102378 (76.7%), 步长=0.02, 当前最优: B=17.27 S=18.49 ret=64.49% score=64.49
  进度: 79000/102378 (77.2%), 步长=0.02, 当前最优: B=17.27 S=18.49 ret=64.49% score=64.49
  进度: 79500/102378 (77.7%), 步长=0.02, 当前最优: B=17.27 S=18.49 ret=64.49% score=64.49
  进度: 80000/102378 (78.1%), 步长=0.02, 当前最优: B=17.27 S=18.49 ret=64.49% score=64.49
  进度: 80500/102378 (78.6%), 步长=0.02, 当前最优: B=17.27 S=18.49 ret=64.49% score=64.49
  进度: 81000/102378 (79.1%), 步长=0.02, 当前最优: B=17.63 S=18.47 ret=64.75% score=64.75
  进度: 81500/102378 (79.6%), 步长=0.02, 当前最优: B=17.63 S=18.47 ret=64.75% score=64.75
  进度: 82000/102378 (80.1%), 步长=0.02, 当前最优: B=17.63 S=18.47 ret=64.75% score=64.75
  进度: 82500/102378 (80.6%), 步长=0.02, 当前最优: B=17.63 S=18.47 ret=64.75% score=64.75
  进度: 83000/102378 (81.1%), 步长=0.02, 当前最优: B=17.63 S=18.47 ret=64.75% score=64.75
  进度: 83500/102378 (81.6%), 步长=0.02, 当前最优: B=17.63 S=18.47 ret=64.75% score=64.75
  进度: 84000/102378 (82.0%), 步长=0.02, 当前最优: B=17.63 S=18.47 ret=64.75% score=64.75
  进度: 84500/102378 (82.5%), 步长=0.02, 当前最优: B=17.63 S=18.47 ret=64.75% score=64.75
  进度: 85000/102378 (83.0%), 步长=0.02, 当前最优: B=17.63 S=18.47 ret=64.75% score=64.75
  进度: 85500/102378 (83.5%), 步长=0.02, 当前最优: B=17.63 S=18.47 ret=64.75% score=64.75
  进度: 86000/102378 (84.0%), 步长=0.02, 当前最优: B=17.63 S=18.47 ret=64.75% score=64.75
  进度: 86500/102378 (84.5%), 步长=0.02, 当前最优: B=17.63 S=18.47 ret=64.75% score=64.75
  进度: 87000/102378 (85.0%), 步长=0.02, 当前最优: B=17.63 S=18.47 ret=64.75% score=64.75
  进度: 87500/102378 (85.5%), 步长=0.02, 当前最优: B=17.63 S=18.47 ret=64.75% score=64.75
  进度: 88000/102378 (86.0%), 步长=0.02, 当前最优: B=17.63 S=18.47 ret=64.75% score=64.75
  进度: 88500/102378 (86.4%), 步长=0.02, 当前最优: B=17.63 S=18.47 ret=64.75% score=64.75
  进度: 89000/102378 (86.9%), 步长=0.02, 当前最优: B=17.63 S=18.47 ret=64.75% score=64.75
  进度: 89500/102378 (87.4%), 步长=0.02, 当前最优: B=17.63 S=18.47 ret=64.75% score=64.75
  进度: 90000/102378 (87.9%), 步长=0.02, 当前最优: B=17.63 S=18.47 ret=64.75% score=64.75
  进度: 90500/102378 (88.4%), 步长=0.02, 当前最优: B=17.63 S=18.47 ret=64.75% score=64.75
  进度: 91000/102378 (88.9%), 步长=0.02, 当前最优: B=17.63 S=18.47 ret=64.75% score=64.75
  进度: 91500/102378 (89.4%), 步长=0.02, 当前最优: B=17.63 S=18.47 ret=64.75% score=64.75
  进度: 92000/102378 (89.9%), 步长=0.02, 当前最优: B=17.63 S=18.47 ret=64.75% score=64.75
  进度: 92500/102378 (90.4%), 步长=0.02, 当前最优: B=17.63 S=18.47 ret=64.75% score=64.75
  进度: 93000/102378 (90.8%), 步长=0.02, 当前最优: B=17.63 S=18.47 ret=64.75% score=64.75
  进度: 93500/102378 (91.3%), 步长=0.02, 当前最优: B=17.63 S=18.47 ret=64.75% score=64.75
  进度: 94000/102378 (91.8%), 步长=0.02, 当前最优: B=17.63 S=18.47 ret=64.75% score=64.75
  进度: 94500/102378 (92.3%), 步长=0.02, 当前最优: B=17.63 S=18.47 ret=64.75% score=64.75
  进度: 95000/102378 (92.8%), 步长=0.02, 当前最优: B=17.63 S=18.47 ret=64.75% score=64.75
  进度: 95500/102378 (93.3%), 步长=0.02, 当前最优: B=17.63 S=18.47 ret=64.75% score=64.75
  进度: 96000/102378 (93.8%), 步长=0.02, 当前最优: B=17.63 S=18.47 ret=64.75% score=64.75
  进度: 96500/102378 (94.3%), 步长=0.02, 当前最优: B=17.63 S=18.47 ret=64.75% score=64.75
  进度: 97000/102378 (94.7%), 步长=0.02, 当前最优: B=17.63 S=18.47 ret=64.75% score=64.75
  进度: 97500/102378 (95.2%), 步长=0.02, 当前最优: B=17.63 S=18.47 ret=64.75% score=64.75
  进度: 98000/102378 (95.7%), 步长=0.02, 当前最优: B=17.63 S=18.47 ret=64.75% score=64.75
  进度: 98500/102378 (96.2%), 步长=0.02, 当前最优: B=17.63 S=18.47 ret=64.75% score=64.75
  进度: 99000/102378 (96.7%), 步长=0.02, 当前最优: B=17.63 S=18.47 ret=64.75% score=64.75
  进度: 99500/102378 (97.2%), 步长=0.02, 当前最优: B=17.63 S=18.47 ret=64.75% score=64.75
  进度: 100000/102378 (97.7%), 步长=0.02, 当前最优: B=17.63 S=18.47 ret=64.75% score=64.75
  进度: 100500/102378 (98.2%), 步长=0.02, 当前最优: B=17.63 S=18.47 ret=64.75% score=64.75
  进度: 101000/102378 (98.7%), 步长=0.02, 当前最优: B=17.63 S=18.47 ret=64.75% score=64.75
  进度: 101500/102378 (99.1%), 步长=0.02, 当前最优: B=17.63 S=18.47 ret=64.75% score=64.75
  进度: 102000/102378 (99.6%), 步长=0.02, 当前最优: B=17.63 S=18.47 ret=64.75% score=64.75
  进度: 102378/102378 (100.0%), 步长=0.02, 当前最优: B=17.63 S=18.47 ret=64.75% score=64.75
[000025] 472条 grid=102378 B=17.63 S=18.47 ret=64.75% score=64.75 stb=1.00 17t
  进度: 500/29161 (1.7%), 步长=0.02, 当前最优: B=9.08 S=13.86 ret=52.34% score=24.08
  进度: 1000/29161 (3.4%), 步长=0.02, 当前最优: B=9.08 S=13.86 ret=52.34% score=24.08
  进度: 1500/29161 (5.1%), 步长=0.02, 当前最优: B=9.08 S=13.86 ret=52.34% score=24.08
  进度: 2000/29161 (6.9%), 步长=0.02, 当前最优: B=9.08 S=13.86 ret=52.34% score=24.08
  进度: 2500/29161 (8.6%), 步长=0.02, 当前最优: B=9.08 S=13.86 ret=52.34% score=24.08
  进度: 3000/29161 (10.3%), 步长=0.02, 当前最优: B=9.08 S=13.86 ret=52.34% score=24.08
  进度: 3500/29161 (12.0%), 步长=0.02, 当前最优: B=9.08 S=13.86 ret=52.34% score=24.08
  进度: 4000/29161 (13.7%), 步长=0.02, 当前最优: B=9.08 S=13.86 ret=52.34% score=24.08
  进度: 4500/29161 (15.4%), 步长=0.02, 当前最优: B=9.42 S=12.26 ret=59.78% score=31.08
  进度: 5000/29161 (17.1%), 步长=0.02, 当前最优: B=9.42 S=12.26 ret=59.78% score=31.08
  进度: 5500/29161 (18.9%), 步长=0.02, 当前最优: B=9.42 S=12.26 ret=59.78% score=31.08
  进度: 6000/29161 (20.6%), 步长=0.02, 当前最优: B=9.42 S=12.26 ret=59.78% score=31.08
  进度: 6500/29161 (22.3%), 步长=0.02, 当前最优: B=9.42 S=12.26 ret=59.78% score=31.08
  进度: 7000/29161 (24.0%), 步长=0.02, 当前最优: B=9.42 S=12.26 ret=59.78% score=31.08
  进度: 7500/29161 (25.7%), 步长=0.02, 当前最优: B=9.42 S=12.26 ret=59.78% score=31.08
  进度: 8000/29161 (27.4%), 步长=0.02, 当前最优: B=9.42 S=12.26 ret=59.78% score=31.08
  进度: 8500/29161 (29.1%), 步长=0.02, 当前最优: B=9.42 S=12.26 ret=59.78% score=31.08
  进度: 9000/29161 (30.9%), 步长=0.02, 当前最优: B=9.42 S=12.26 ret=59.78% score=31.08
  进度: 9500/29161 (32.6%), 步长=0.02, 当前最优: B=9.42 S=12.26 ret=59.78% score=31.08
  进度: 10000/29161 (34.3%), 步长=0.02, 当前最优: B=9.94 S=11.44 ret=59.44% score=38.04
  进度: 10500/29161 (36.0%), 步长=0.02, 当前最优: B=9.94 S=11.44 ret=59.44% score=38.04
  进度: 11000/29161 (37.7%), 步长=0.02, 当前最优: B=9.94 S=11.44 ret=59.44% score=38.04
  进度: 11500/29161 (39.4%), 步长=0.02, 当前最优: B=9.94 S=11.44 ret=59.44% score=38.04
  进度: 12000/29161 (41.2%), 步长=0.02, 当前最优: B=9.94 S=11.44 ret=59.44% score=38.04
  进度: 12500/29161 (42.9%), 步长=0.02, 当前最优: B=9.94 S=11.44 ret=59.44% score=38.04
  进度: 13000/29161 (44.6%), 步长=0.02, 当前最优: B=9.94 S=11.44 ret=59.44% score=38.04
  进度: 13500/29161 (46.3%), 步长=0.02, 当前最优: B=9.94 S=11.44 ret=59.44% score=38.04
  进度: 14000/29161 (48.0%), 步长=0.02, 当前最优: B=10.38 S=10.92 ret=44.93% score=42.23
  进度: 14500/29161 (49.7%), 步长=0.02, 当前最优: B=10.46 S=10.92 ret=46.08% score=46.08
  进度: 15000/29161 (51.4%), 步长=0.02, 当前最优: B=10.46 S=10.92 ret=46.08% score=46.08
  进度: 15500/29161 (53.2%), 步长=0.02, 当前最优: B=10.46 S=10.92 ret=46.08% score=46.08
  进度: 16000/29161 (54.9%), 步长=0.02, 当前最优: B=10.46 S=10.92 ret=46.08% score=46.08
  进度: 16500/29161 (56.6%), 步长=0.02, 当前最优: B=10.46 S=10.92 ret=46.08% score=46.08
  进度: 17000/29161 (58.3%), 步长=0.02, 当前最优: B=10.74 S=11.18 ret=46.66% score=46.66
  进度: 17500/29161 (60.0%), 步长=0.02, 当前最优: B=10.74 S=11.18 ret=46.66% score=46.66
  进度: 18000/29161 (61.7%), 步长=0.02, 当前最优: B=10.74 S=11.18 ret=46.66% score=46.66
  进度: 18500/29161 (63.4%), 步长=0.02, 当前最优: B=10.74 S=11.18 ret=46.66% score=46.66
  进度: 19000/29161 (65.2%), 步长=0.02, 当前最优: B=10.74 S=11.18 ret=46.66% score=46.66
  进度: 19500/29161 (66.9%), 步长=0.02, 当前最优: B=10.74 S=11.18 ret=46.66% score=46.66
  进度: 20000/29161 (68.6%), 步长=0.02, 当前最优: B=10.74 S=11.18 ret=46.66% score=46.66
  进度: 20500/29161 (70.3%), 步长=0.02, 当前最优: B=10.74 S=11.18 ret=46.66% score=46.66
  进度: 21000/29161 (72.0%), 步长=0.02, 当前最优: B=10.74 S=11.18 ret=46.66% score=46.66
  进度: 21500/29161 (73.7%), 步长=0.02, 当前最优: B=10.74 S=11.18 ret=46.66% score=46.66
  进度: 22000/29161 (75.4%), 步长=0.02, 当前最优: B=10.74 S=11.18 ret=46.66% score=46.66
  进度: 22500/29161 (77.2%), 步长=0.02, 当前最优: B=10.74 S=11.18 ret=46.66% score=46.66
  进度: 23000/29161 (78.9%), 步长=0.02, 当前最优: B=11.66 S=12.26 ret=47.45% score=47.45
  进度: 23500/29161 (80.6%), 步长=0.02, 当前最优: B=11.72 S=12.42 ret=60.96% score=60.96
  进度: 24000/29161 (82.3%), 步长=0.02, 当前最优: B=11.72 S=12.42 ret=60.96% score=60.96
  进度: 24500/29161 (84.0%), 步长=0.02, 当前最优: B=11.72 S=12.42 ret=60.96% score=60.96
  进度: 25000/29161 (85.7%), 步长=0.02, 当前最优: B=11.72 S=12.42 ret=60.96% score=60.96
  进度: 25500/29161 (87.4%), 步长=0.02, 当前最优: B=11.72 S=12.42 ret=60.96% score=60.96
  进度: 26000/29161 (89.2%), 步长=0.02, 当前最优: B=11.72 S=12.42 ret=60.96% score=60.96
  进度: 26500/29161 (90.9%), 步长=0.02, 当前最优: B=11.72 S=12.42 ret=60.96% score=60.96
  进度: 27000/29161 (92.6%), 步长=0.02, 当前最优: B=11.72 S=12.42 ret=60.96% score=60.96
  进度: 27500/29161 (94.3%), 步长=0.02, 当前最优: B=11.72 S=12.42 ret=60.96% score=60.96
  进度: 28000/29161 (96.0%), 步长=0.02, 当前最优: B=11.72 S=12.42 ret=60.96% score=60.96
  进度: 28500/29161 (97.7%), 步长=0.02, 当前最优: B=11.72 S=12.42 ret=60.96% score=60.96
  进度: 29000/29161 (99.4%), 步长=0.02, 当前最优: B=11.72 S=12.42 ret=60.96% score=60.96
  进度: 29161/29161 (100.0%), 步长=0.02, 当前最优: B=11.72 S=12.42 ret=60.96% score=60.96
[603551] 472条 grid=29161 B=11.72 S=12.42 ret=60.96% score=60.96 stb=1.00 11t
  进度: 500/22155 (2.3%), 步长=0.02, 当前最优: B=5.35 S=9.51 ret=77.40% score=35.60
  进度: 1000/22155 (4.5%), 步长=0.02, 当前最优: B=5.35 S=9.51 ret=77.40% score=35.60
  进度: 1500/22155 (6.8%), 步长=0.02, 当前最优: B=5.35 S=9.51 ret=77.40% score=35.60
  进度: 2000/22155 (9.0%), 步长=0.02, 当前最优: B=5.35 S=9.51 ret=77.40% score=35.60
  进度: 2500/22155 (11.3%), 步长=0.02, 当前最优: B=5.35 S=9.51 ret=77.40% score=35.60
  进度: 3000/22155 (13.5%), 步长=0.02, 当前最优: B=5.35 S=9.51 ret=77.40% score=35.60
  进度: 3500/22155 (15.8%), 步长=0.02, 当前最优: B=5.35 S=9.51 ret=77.40% score=35.60
  进度: 4000/22155 (18.1%), 步长=0.02, 当前最优: B=5.35 S=9.51 ret=77.40% score=35.60
  进度: 4500/22155 (20.3%), 步长=0.02, 当前最优: B=5.35 S=9.51 ret=77.40% score=35.60
  进度: 5000/22155 (22.6%), 步长=0.02, 当前最优: B=5.35 S=9.51 ret=77.40% score=35.60
  进度: 5500/22155 (24.8%), 步长=0.02, 当前最优: B=5.35 S=9.51 ret=77.40% score=35.60
  进度: 6000/22155 (27.1%), 步长=0.02, 当前最优: B=5.35 S=9.51 ret=77.40% score=35.60
  进度: 6500/22155 (29.3%), 步长=0.02, 当前最优: B=5.35 S=9.51 ret=77.40% score=35.60
  进度: 7000/22155 (31.6%), 步长=0.02, 当前最优: B=5.35 S=9.51 ret=77.40% score=35.60
  进度: 7500/22155 (33.9%), 步长=0.02, 当前最优: B=5.35 S=9.51 ret=77.40% score=35.60
  进度: 8000/22155 (36.1%), 步长=0.02, 当前最优: B=5.35 S=9.51 ret=77.40% score=35.60
  进度: 8500/22155 (38.4%), 步长=0.02, 当前最优: B=5.35 S=9.51 ret=77.40% score=35.60
  进度: 9000/22155 (40.6%), 步长=0.02, 当前最优: B=5.35 S=9.51 ret=77.40% score=35.60
  进度: 9500/22155 (42.9%), 步长=0.02, 当前最优: B=5.35 S=9.51 ret=77.40% score=35.60
  进度: 10000/22155 (45.1%), 步长=0.02, 当前最优: B=6.39 S=7.59 ret=63.12% score=40.40
  进度: 10500/22155 (47.4%), 步长=0.02, 当前最优: B=6.39 S=7.59 ret=63.12% score=40.40
  进度: 11000/22155 (49.7%), 步长=0.02, 当前最优: B=6.39 S=7.59 ret=63.12% score=40.40
  进度: 11500/22155 (51.9%), 步长=0.02, 当前最优: B=6.39 S=7.59 ret=63.12% score=40.40
  进度: 12000/22155 (54.2%), 步长=0.02, 当前最优: B=6.67 S=7.05 ret=45.57% score=45.57
  进度: 12500/22155 (56.4%), 步长=0.02, 当前最优: B=6.69 S=7.05 ret=52.18% score=52.18
  进度: 13000/22155 (58.7%), 步长=0.02, 当前最优: B=6.69 S=7.05 ret=52.18% score=52.18
  进度: 13500/22155 (60.9%), 步长=0.02, 当前最优: B=6.69 S=7.05 ret=52.18% score=52.18
  进度: 14000/22155 (63.2%), 步长=0.02, 当前最优: B=6.69 S=7.05 ret=52.18% score=52.18
  进度: 14500/22155 (65.4%), 步长=0.02, 当前最优: B=6.69 S=7.05 ret=52.18% score=52.18
  进度: 15000/22155 (67.7%), 步长=0.02, 当前最优: B=6.69 S=7.05 ret=52.18% score=52.18
  进度: 15500/22155 (70.0%), 步长=0.02, 当前最优: B=6.69 S=7.05 ret=52.18% score=52.18
  进度: 16000/22155 (72.2%), 步长=0.02, 当前最优: B=6.69 S=7.05 ret=52.18% score=52.18
  进度: 16500/22155 (74.5%), 步长=0.02, 当前最优: B=6.69 S=7.05 ret=52.18% score=52.18
  进度: 17000/22155 (76.7%), 步长=0.02, 当前最优: B=6.69 S=7.05 ret=52.18% score=52.18
  进度: 17500/22155 (79.0%), 步长=0.02, 当前最优: B=6.69 S=7.05 ret=52.18% score=52.18
  进度: 18000/22155 (81.2%), 步长=0.02, 当前最优: B=6.69 S=7.05 ret=52.18% score=52.18
  进度: 18500/22155 (83.5%), 步长=0.02, 当前最优: B=6.69 S=7.05 ret=52.18% score=52.18
  进度: 19000/22155 (85.8%), 步长=0.02, 当前最优: B=6.69 S=7.05 ret=52.18% score=52.18
  进度: 19500/22155 (88.0%), 步长=0.02, 当前最优: B=6.69 S=7.05 ret=52.18% score=52.18
  进度: 20000/22155 (90.3%), 步长=0.02, 当前最优: B=6.69 S=7.05 ret=52.18% score=52.18
  进度: 20500/22155 (92.5%), 步长=0.02, 当前最优: B=6.69 S=7.05 ret=52.18% score=52.18
  进度: 21000/22155 (94.8%), 步长=0.02, 当前最优: B=6.69 S=7.05 ret=52.18% score=52.18
  进度: 21500/22155 (97.0%), 步长=0.02, 当前最优: B=6.69 S=7.05 ret=52.18% score=52.18
  进度: 22000/22155 (99.3%), 步长=0.02, 当前最优: B=6.69 S=7.05 ret=52.18% score=52.18
  进度: 22155/22155 (100.0%), 步长=0.02, 当前最优: B=6.69 S=7.05 ret=52.18% score=52.18
[601949] 472条 grid=22155 B=6.69 S=7.05 ret=52.18% score=52.18 stb=1.00 13t
  进度: 500/117370 (0.4%), 步长=0.02, 当前最优: B=10.04 S=10.36 ret=2.98% score=1.37
  进度: 1000/117370 (0.9%), 步长=0.02, 当前最优: B=10.04 S=19.68 ret=95.62% score=43.99
  进度: 1500/117370 (1.3%), 步长=0.02, 当前最优: B=10.04 S=19.68 ret=95.62% score=43.99
  进度: 2000/117370 (1.7%), 步长=0.02, 当前最优: B=10.04 S=19.68 ret=95.62% score=43.99
  进度: 2500/117370 (2.1%), 步长=0.02, 当前最优: B=10.04 S=19.68 ret=95.62% score=43.99
  进度: 3000/117370 (2.6%), 步长=0.02, 当前最优: B=10.04 S=19.68 ret=95.62% score=43.99
  进度: 3500/117370 (3.0%), 步长=0.02, 当前最优: B=10.04 S=19.68 ret=95.62% score=43.99
  进度: 4000/117370 (3.4%), 步长=0.02, 当前最优: B=10.04 S=19.68 ret=95.62% score=43.99
  进度: 4500/117370 (3.8%), 步长=0.02, 当前最优: B=10.04 S=19.68 ret=95.62% score=43.99
  进度: 5000/117370 (4.3%), 步长=0.02, 当前最优: B=10.04 S=19.68 ret=95.62% score=43.99
  进度: 5500/117370 (4.7%), 步长=0.02, 当前最优: B=10.04 S=19.68 ret=95.62% score=43.99
  进度: 6000/117370 (5.1%), 步长=0.02, 当前最优: B=10.04 S=19.68 ret=95.62% score=43.99
  进度: 6500/117370 (5.5%), 步长=0.02, 当前最优: B=10.04 S=19.68 ret=95.62% score=43.99
  进度: 7000/117370 (6.0%), 步长=0.02, 当前最优: B=10.04 S=19.68 ret=95.62% score=43.99
  进度: 7500/117370 (6.4%), 步长=0.02, 当前最优: B=10.04 S=19.68 ret=95.62% score=43.99
  进度: 8000/117370 (6.8%), 步长=0.02, 当前最优: B=10.04 S=19.68 ret=95.62% score=43.99
  进度: 8500/117370 (7.2%), 步长=0.02, 当前最优: B=10.04 S=19.68 ret=95.62% score=43.99
  进度: 9000/117370 (7.7%), 步长=0.02, 当前最优: B=10.04 S=19.68 ret=95.62% score=43.99
  进度: 9500/117370 (8.1%), 步长=0.02, 当前最优: B=10.04 S=19.68 ret=95.62% score=43.99
  进度: 10000/117370 (8.5%), 步长=0.02, 当前最优: B=10.04 S=19.68 ret=95.62% score=43.99
  进度: 10500/117370 (8.9%), 步长=0.02, 当前最优: B=10.04 S=19.68 ret=95.62% score=43.99
  进度: 11000/117370 (9.4%), 步长=0.02, 当前最优: B=10.04 S=19.68 ret=95.62% score=43.99
  进度: 11500/117370 (9.8%), 步长=0.02, 当前最优: B=10.04 S=19.68 ret=95.62% score=43.99
  进度: 12000/117370 (10.2%), 步长=0.02, 当前最优: B=10.04 S=19.68 ret=95.62% score=43.99
  进度: 12500/117370 (10.7%), 步长=0.02, 当前最优: B=10.04 S=19.68 ret=95.62% score=43.99
  进度: 13000/117370 (11.1%), 步长=0.02, 当前最优: B=10.04 S=19.68 ret=95.62% score=43.99
  进度: 13500/117370 (11.5%), 步长=0.02, 当前最优: B=10.04 S=19.68 ret=95.62% score=43.99
  进度: 14000/117370 (11.9%), 步长=0.02, 当前最优: B=10.04 S=19.68 ret=95.62% score=43.99
  进度: 14500/117370 (12.4%), 步长=0.02, 当前最优: B=10.04 S=19.68 ret=95.62% score=43.99
  进度: 15000/117370 (12.8%), 步长=0.02, 当前最优: B=10.04 S=19.68 ret=95.62% score=43.99
  进度: 15500/117370 (13.2%), 步长=0.02, 当前最优: B=10.04 S=19.68 ret=95.62% score=43.99
  进度: 16000/117370 (13.6%), 步长=0.02, 当前最优: B=10.04 S=19.68 ret=95.62% score=43.99
  进度: 16500/117370 (14.1%), 步长=0.02, 当前最优: B=10.04 S=19.68 ret=95.62% score=43.99
  进度: 17000/117370 (14.5%), 步长=0.02, 当前最优: B=10.04 S=19.68 ret=95.62% score=43.99
  进度: 17500/117370 (14.9%), 步长=0.02, 当前最优: B=10.04 S=19.68 ret=95.62% score=43.99
  进度: 18000/117370 (15.3%), 步长=0.02, 当前最优: B=10.04 S=19.68 ret=95.62% score=43.99
  进度: 18500/117370 (15.8%), 步长=0.02, 当前最优: B=10.04 S=19.68 ret=95.62% score=43.99
  进度: 19000/117370 (16.2%), 步长=0.02, 当前最优: B=10.04 S=19.68 ret=95.62% score=43.99
  进度: 19500/117370 (16.6%), 步长=0.02, 当前最优: B=10.04 S=19.68 ret=95.62% score=43.99
  进度: 20000/117370 (17.0%), 步长=0.02, 当前最优: B=10.04 S=19.68 ret=95.62% score=43.99
  进度: 20500/117370 (17.5%), 步长=0.02, 当前最优: B=10.04 S=19.68 ret=95.62% score=43.99
  进度: 21000/117370 (17.9%), 步长=0.02, 当前最优: B=10.04 S=19.68 ret=95.62% score=43.99
  进度: 21500/117370 (18.3%), 步长=0.02, 当前最优: B=10.04 S=19.68 ret=95.62% score=43.99
  进度: 22000/117370 (18.7%), 步长=0.02, 当前最优: B=10.04 S=19.68 ret=95.62% score=43.99
  进度: 22500/117370 (19.2%), 步长=0.02, 当前最优: B=10.04 S=19.68 ret=95.62% score=43.99
  进度: 23000/117370 (19.6%), 步长=0.02, 当前最优: B=10.04 S=19.68 ret=95.62% score=43.99
  进度: 23500/117370 (20.0%), 步长=0.02, 当前最优: B=10.04 S=19.68 ret=95.62% score=43.99
  进度: 24000/117370 (20.4%), 步长=0.02, 当前最优: B=10.04 S=19.68 ret=95.62% score=43.99
  进度: 24500/117370 (20.9%), 步长=0.02, 当前最优: B=10.04 S=19.68 ret=95.62% score=43.99
  进度: 25000/117370 (21.3%), 步长=0.02, 当前最优: B=10.04 S=19.68 ret=95.62% score=43.99
  进度: 25500/117370 (21.7%), 步长=0.02, 当前最优: B=10.04 S=19.68 ret=95.62% score=43.99
  进度: 26000/117370 (22.2%), 步长=0.02, 当前最优: B=10.04 S=19.68 ret=95.62% score=43.99
  进度: 26500/117370 (22.6%), 步长=0.02, 当前最优: B=10.04 S=19.68 ret=95.62% score=43.99
  进度: 27000/117370 (23.0%), 步长=0.02, 当前最优: B=10.04 S=19.68 ret=95.62% score=43.99
  进度: 27500/117370 (23.4%), 步长=0.02, 当前最优: B=10.04 S=19.68 ret=95.62% score=43.99
  进度: 28000/117370 (23.9%), 步长=0.02, 当前最优: B=10.04 S=19.68 ret=95.62% score=43.99
  进度: 28500/117370 (24.3%), 步长=0.02, 当前最优: B=10.04 S=19.68 ret=95.62% score=43.99
  进度: 29000/117370 (24.7%), 步长=0.02, 当前最优: B=10.04 S=19.68 ret=95.62% score=43.99
  进度: 29500/117370 (25.1%), 步长=0.02, 当前最优: B=10.04 S=19.68 ret=95.62% score=43.99
  进度: 30000/117370 (25.6%), 步长=0.02, 当前最优: B=10.04 S=19.68 ret=95.62% score=43.99
  进度: 30500/117370 (26.0%), 步长=0.02, 当前最优: B=10.04 S=19.68 ret=95.62% score=43.99
  进度: 31000/117370 (26.4%), 步长=0.02, 当前最优: B=10.04 S=19.68 ret=95.62% score=43.99
  进度: 31500/117370 (26.8%), 步长=0.02, 当前最优: B=10.04 S=19.68 ret=95.62% score=43.99
  进度: 32000/117370 (27.3%), 步长=0.02, 当前最优: B=10.04 S=19.68 ret=95.62% score=43.99
  进度: 32500/117370 (27.7%), 步长=0.02, 当前最优: B=10.04 S=19.68 ret=95.62% score=43.99
  进度: 33000/117370 (28.1%), 步长=0.02, 当前最优: B=10.04 S=19.68 ret=95.62% score=43.99
  进度: 33500/117370 (28.5%), 步长=0.02, 当前最优: B=10.04 S=19.68 ret=95.62% score=43.99
  进度: 34000/117370 (29.0%), 步长=0.02, 当前最优: B=10.04 S=19.68 ret=95.62% score=43.99
  进度: 34500/117370 (29.4%), 步长=0.02, 当前最优: B=10.04 S=19.68 ret=95.62% score=43.99
  进度: 35000/117370 (29.8%), 步长=0.02, 当前最优: B=10.04 S=19.68 ret=95.62% score=43.99
  进度: 35500/117370 (30.2%), 步长=0.02, 当前最优: B=10.04 S=19.68 ret=95.62% score=43.99
  进度: 36000/117370 (30.7%), 步长=0.02, 当前最优: B=10.04 S=19.68 ret=95.62% score=43.99
  进度: 36500/117370 (31.1%), 步长=0.02, 当前最优: B=10.04 S=19.68 ret=95.62% score=43.99
  进度: 37000/117370 (31.5%), 步长=0.02, 当前最优: B=10.04 S=19.68 ret=95.62% score=43.99
  进度: 37500/117370 (32.0%), 步长=0.02, 当前最优: B=10.04 S=19.68 ret=95.62% score=43.99
  进度: 38000/117370 (32.4%), 步长=0.02, 当前最优: B=10.04 S=19.68 ret=95.62% score=43.99
  进度: 38500/117370 (32.8%), 步长=0.02, 当前最优: B=10.04 S=19.68 ret=95.62% score=43.99
  进度: 39000/117370 (33.2%), 步长=0.02, 当前最优: B=10.04 S=19.68 ret=95.62% score=43.99
  进度: 39500/117370 (33.7%), 步长=0.02, 当前最优: B=10.04 S=19.68 ret=95.62% score=43.99
  进度: 40000/117370 (34.1%), 步长=0.02, 当前最优: B=10.04 S=19.68 ret=95.62% score=43.99
  进度: 40500/117370 (34.5%), 步长=0.02, 当前最优: B=10.04 S=19.68 ret=95.62% score=43.99
  进度: 41000/117370 (34.9%), 步长=0.02, 当前最优: B=10.04 S=19.68 ret=95.62% score=43.99
  进度: 41500/117370 (35.4%), 步长=0.02, 当前最优: B=10.04 S=19.68 ret=95.62% score=43.99
  进度: 42000/117370 (35.8%), 步长=0.02, 当前最优: B=10.04 S=19.68 ret=95.62% score=43.99
  进度: 42500/117370 (36.2%), 步长=0.02, 当前最优: B=10.04 S=19.68 ret=95.62% score=43.99
  进度: 43000/117370 (36.6%), 步长=0.02, 当前最优: B=10.04 S=19.68 ret=95.62% score=43.99
  进度: 43500/117370 (37.1%), 步长=0.02, 当前最优: B=10.04 S=19.68 ret=95.62% score=43.99
  进度: 44000/117370 (37.5%), 步长=0.02, 当前最优: B=10.04 S=19.68 ret=95.62% score=43.99
  进度: 44500/117370 (37.9%), 步长=0.02, 当前最优: B=10.04 S=19.68 ret=95.62% score=43.99
  进度: 45000/117370 (38.3%), 步长=0.02, 当前最优: B=10.04 S=19.68 ret=95.62% score=43.99
  进度: 45500/117370 (38.8%), 步长=0.02, 当前最优: B=10.04 S=19.68 ret=95.62% score=43.99
  进度: 46000/117370 (39.2%), 步长=0.02, 当前最优: B=10.04 S=19.68 ret=95.62% score=43.99
  进度: 46500/117370 (39.6%), 步长=0.02, 当前最优: B=10.04 S=19.68 ret=95.62% score=43.99
  进度: 47000/117370 (40.0%), 步长=0.02, 当前最优: B=10.04 S=19.68 ret=95.62% score=43.99
  进度: 47500/117370 (40.5%), 步长=0.02, 当前最优: B=10.04 S=19.68 ret=95.62% score=43.99
  进度: 48000/117370 (40.9%), 步长=0.02, 当前最优: B=10.04 S=19.68 ret=95.62% score=43.99
  进度: 48500/117370 (41.3%), 步长=0.02, 当前最优: B=10.04 S=19.68 ret=95.62% score=43.99
  进度: 49000/117370 (41.7%), 步长=0.02, 当前最优: B=10.04 S=19.68 ret=95.62% score=43.99
  进度: 49500/117370 (42.2%), 步长=0.02, 当前最优: B=10.04 S=19.68 ret=95.62% score=43.99
  进度: 50000/117370 (42.6%), 步长=0.02, 当前最优: B=10.04 S=19.68 ret=95.62% score=43.99
  进度: 50500/117370 (43.0%), 步长=0.02, 当前最优: B=10.04 S=19.68 ret=95.62% score=43.99
  进度: 51000/117370 (43.5%), 步长=0.02, 当前最优: B=10.04 S=19.68 ret=95.62% score=43.99
  进度: 51500/117370 (43.9%), 步长=0.02, 当前最优: B=10.04 S=19.68 ret=95.62% score=43.99
  进度: 52000/117370 (44.3%), 步长=0.02, 当前最优: B=10.04 S=19.68 ret=95.62% score=43.99
  进度: 52500/117370 (44.7%), 步长=0.02, 当前最优: B=10.04 S=19.68 ret=95.62% score=43.99
  进度: 53000/117370 (45.2%), 步长=0.02, 当前最优: B=10.04 S=19.68 ret=95.62% score=43.99
  进度: 53500/117370 (45.6%), 步长=0.02, 当前最优: B=10.04 S=19.68 ret=95.62% score=43.99
  进度: 54000/117370 (46.0%), 步长=0.02, 当前最优: B=10.04 S=19.68 ret=95.62% score=43.99
  进度: 54500/117370 (46.4%), 步长=0.02, 当前最优: B=10.04 S=19.68 ret=95.62% score=43.99
  进度: 55000/117370 (46.9%), 步长=0.02, 当前最优: B=10.04 S=19.68 ret=95.62% score=43.99
  进度: 55500/117370 (47.3%), 步长=0.02, 当前最优: B=10.04 S=19.68 ret=95.62% score=43.99
  进度: 56000/117370 (47.7%), 步长=0.02, 当前最优: B=10.04 S=19.68 ret=95.62% score=43.99
  进度: 56500/117370 (48.1%), 步长=0.02, 当前最优: B=10.04 S=19.68 ret=95.62% score=43.99
  进度: 57000/117370 (48.6%), 步长=0.02, 当前最优: B=10.04 S=19.68 ret=95.62% score=43.99
  进度: 57500/117370 (49.0%), 步长=0.02, 当前最优: B=10.04 S=19.68 ret=95.62% score=43.99
  进度: 58000/117370 (49.4%), 步长=0.02, 当前最优: B=10.04 S=19.68 ret=95.62% score=43.99
  进度: 58500/117370 (49.8%), 步长=0.02, 当前最优: B=10.04 S=19.68 ret=95.62% score=43.99
  进度: 59000/117370 (50.3%), 步长=0.02, 当前最优: B=10.04 S=19.68 ret=95.62% score=43.99
  进度: 59500/117370 (50.7%), 步长=0.02, 当前最优: B=10.04 S=19.68 ret=95.62% score=43.99
  进度: 60000/117370 (51.1%), 步长=0.02, 当前最优: B=10.04 S=19.68 ret=95.62% score=43.99
  进度: 60500/117370 (51.5%), 步长=0.02, 当前最优: B=12.96 S=14.00 ret=54.66% score=44.82
  进度: 61000/117370 (52.0%), 步长=0.02, 当前最优: B=12.96 S=14.00 ret=54.66% score=44.82
  进度: 61500/117370 (52.4%), 步长=0.02, 当前最优: B=13.00 S=14.00 ret=59.81% score=52.63
  进度: 62000/117370 (52.8%), 步长=0.02, 当前最优: B=13.04 S=13.96 ret=61.57% score=57.88
  进度: 62500/117370 (53.3%), 步长=0.02, 当前最优: B=13.04 S=13.96 ret=61.57% score=57.88
  进度: 63000/117370 (53.7%), 步长=0.02, 当前最优: B=13.04 S=13.96 ret=61.57% score=57.88
  进度: 63500/117370 (54.1%), 步长=0.02, 当前最优: B=13.04 S=13.96 ret=61.57% score=57.88
  进度: 64000/117370 (54.5%), 步长=0.02, 当前最优: B=13.04 S=13.96 ret=61.57% score=57.88
  进度: 64500/117370 (55.0%), 步长=0.02, 当前最优: B=13.04 S=13.96 ret=61.57% score=57.88
  进度: 65000/117370 (55.4%), 步长=0.02, 当前最优: B=13.04 S=13.96 ret=61.57% score=57.88
  进度: 65500/117370 (55.8%), 步长=0.02, 当前最优: B=13.04 S=13.96 ret=61.57% score=57.88
  进度: 66000/117370 (56.2%), 步长=0.02, 当前最优: B=13.04 S=13.96 ret=61.57% score=57.88
  进度: 66500/117370 (56.7%), 步长=0.02, 当前最优: B=13.04 S=13.96 ret=61.57% score=57.88
  进度: 67000/117370 (57.1%), 步长=0.02, 当前最优: B=13.04 S=13.96 ret=61.57% score=57.88
  进度: 67500/117370 (57.5%), 步长=0.02, 当前最优: B=13.04 S=13.96 ret=61.57% score=57.88
  进度: 68000/117370 (57.9%), 步长=0.02, 当前最优: B=13.04 S=13.96 ret=61.57% score=57.88
  进度: 68500/117370 (58.4%), 步长=0.02, 当前最优: B=13.04 S=13.96 ret=61.57% score=57.88
  进度: 69000/117370 (58.8%), 步长=0.02, 当前最优: B=13.04 S=13.96 ret=61.57% score=57.88
  进度: 69500/117370 (59.2%), 步长=0.02, 当前最优: B=13.04 S=13.96 ret=61.57% score=57.88
  进度: 70000/117370 (59.6%), 步长=0.02, 当前最优: B=13.04 S=13.96 ret=61.57% score=57.88
  进度: 70500/117370 (60.1%), 步长=0.02, 当前最优: B=13.04 S=13.96 ret=61.57% score=57.88
  进度: 71000/117370 (60.5%), 步长=0.02, 当前最优: B=13.04 S=13.96 ret=61.57% score=57.88
  进度: 71500/117370 (60.9%), 步长=0.02, 当前最优: B=13.04 S=13.96 ret=61.57% score=57.88
  进度: 72000/117370 (61.3%), 步长=0.02, 当前最优: B=13.04 S=13.96 ret=61.57% score=57.88
  进度: 72500/117370 (61.8%), 步长=0.02, 当前最优: B=13.04 S=13.96 ret=61.57% score=57.88
  进度: 73000/117370 (62.2%), 步长=0.02, 当前最优: B=13.04 S=13.96 ret=61.57% score=57.88
  进度: 73500/117370 (62.6%), 步长=0.02, 当前最优: B=13.04 S=13.96 ret=61.57% score=57.88
  进度: 74000/117370 (63.0%), 步长=0.02, 当前最优: B=13.04 S=13.96 ret=61.57% score=57.88
  进度: 74500/117370 (63.5%), 步长=0.02, 当前最优: B=13.04 S=13.96 ret=61.57% score=57.88
  进度: 75000/117370 (63.9%), 步长=0.02, 当前最优: B=13.04 S=13.96 ret=61.57% score=57.88
  进度: 75500/117370 (64.3%), 步长=0.02, 当前最优: B=13.04 S=13.96 ret=61.57% score=57.88
  进度: 76000/117370 (64.8%), 步长=0.02, 当前最优: B=13.04 S=13.96 ret=61.57% score=57.88
  进度: 76500/117370 (65.2%), 步长=0.02, 当前最优: B=13.04 S=13.96 ret=61.57% score=57.88
  进度: 77000/117370 (65.6%), 步长=0.02, 当前最优: B=13.04 S=13.96 ret=61.57% score=57.88
  进度: 77500/117370 (66.0%), 步长=0.02, 当前最优: B=13.04 S=13.96 ret=61.57% score=57.88
  进度: 78000/117370 (66.5%), 步长=0.02, 当前最优: B=13.04 S=13.96 ret=61.57% score=57.88
  进度: 78500/117370 (66.9%), 步长=0.02, 当前最优: B=13.04 S=13.96 ret=61.57% score=57.88
  进度: 79000/117370 (67.3%), 步长=0.02, 当前最优: B=13.04 S=13.96 ret=61.57% score=57.88
  进度: 79500/117370 (67.7%), 步长=0.02, 当前最优: B=13.04 S=13.96 ret=61.57% score=57.88
  进度: 80000/117370 (68.2%), 步长=0.02, 当前最优: B=13.04 S=13.96 ret=61.57% score=57.88
  进度: 80500/117370 (68.6%), 步长=0.02, 当前最优: B=13.04 S=13.96 ret=61.57% score=57.88
  进度: 81000/117370 (69.0%), 步长=0.02, 当前最优: B=13.04 S=13.96 ret=61.57% score=57.88
  进度: 81500/117370 (69.4%), 步长=0.02, 当前最优: B=13.04 S=13.96 ret=61.57% score=57.88
  进度: 82000/117370 (69.9%), 步长=0.02, 当前最优: B=13.04 S=13.96 ret=61.57% score=57.88
  进度: 82500/117370 (70.3%), 步长=0.02, 当前最优: B=13.04 S=13.96 ret=61.57% score=57.88
  进度: 83000/117370 (70.7%), 步长=0.02, 当前最优: B=13.04 S=13.96 ret=61.57% score=57.88
  进度: 83500/117370 (71.1%), 步长=0.02, 当前最优: B=13.04 S=13.96 ret=61.57% score=57.88
  进度: 84000/117370 (71.6%), 步长=0.02, 当前最优: B=13.04 S=13.96 ret=61.57% score=57.88
  进度: 84500/117370 (72.0%), 步长=0.02, 当前最优: B=13.04 S=13.96 ret=61.57% score=57.88
  进度: 85000/117370 (72.4%), 步长=0.02, 当前最优: B=13.04 S=13.96 ret=61.57% score=57.88
  进度: 85500/117370 (72.8%), 步长=0.02, 当前最优: B=13.04 S=13.96 ret=61.57% score=57.88
  进度: 86000/117370 (73.3%), 步长=0.02, 当前最优: B=13.04 S=13.96 ret=61.57% score=57.88
  进度: 86500/117370 (73.7%), 步长=0.02, 当前最优: B=13.04 S=13.96 ret=61.57% score=57.88
  进度: 87000/117370 (74.1%), 步长=0.02, 当前最优: B=13.04 S=13.96 ret=61.57% score=57.88
  进度: 87500/117370 (74.6%), 步长=0.02, 当前最优: B=13.04 S=13.96 ret=61.57% score=57.88
  进度: 88000/117370 (75.0%), 步长=0.02, 当前最优: B=13.04 S=13.96 ret=61.57% score=57.88
  进度: 88500/117370 (75.4%), 步长=0.02, 当前最优: B=13.04 S=13.96 ret=61.57% score=57.88
  进度: 89000/117370 (75.8%), 步长=0.02, 当前最优: B=13.04 S=13.96 ret=61.57% score=57.88
  进度: 89500/117370 (76.3%), 步长=0.02, 当前最优: B=13.04 S=13.96 ret=61.57% score=57.88
  进度: 90000/117370 (76.7%), 步长=0.02, 当前最优: B=13.04 S=13.96 ret=61.57% score=57.88
  进度: 90500/117370 (77.1%), 步长=0.02, 当前最优: B=13.04 S=13.96 ret=61.57% score=57.88
  进度: 91000/117370 (77.5%), 步长=0.02, 当前最优: B=13.04 S=13.96 ret=61.57% score=57.88
  进度: 91500/117370 (78.0%), 步长=0.02, 当前最优: B=13.04 S=13.96 ret=61.57% score=57.88
  进度: 92000/117370 (78.4%), 步长=0.02, 当前最优: B=13.04 S=13.96 ret=61.57% score=57.88
  进度: 92500/117370 (78.8%), 步长=0.02, 当前最优: B=13.04 S=13.96 ret=61.57% score=57.88
  进度: 93000/117370 (79.2%), 步长=0.02, 当前最优: B=13.04 S=13.96 ret=61.57% score=57.88
  进度: 93500/117370 (79.7%), 步长=0.02, 当前最优: B=13.04 S=13.96 ret=61.57% score=57.88
  进度: 94000/117370 (80.1%), 步长=0.02, 当前最优: B=13.04 S=13.96 ret=61.57% score=57.88
  进度: 94500/117370 (80.5%), 步长=0.02, 当前最优: B=13.04 S=13.96 ret=61.57% score=57.88
  进度: 95000/117370 (80.9%), 步长=0.02, 当前最优: B=13.04 S=13.96 ret=61.57% score=57.88
  进度: 95500/117370 (81.4%), 步长=0.02, 当前最优: B=13.04 S=13.96 ret=61.57% score=57.88
  进度: 96000/117370 (81.8%), 步长=0.02, 当前最优: B=13.04 S=13.96 ret=61.57% score=57.88
  进度: 96500/117370 (82.2%), 步长=0.02, 当前最优: B=13.04 S=13.96 ret=61.57% score=57.88
  进度: 97000/117370 (82.6%), 步长=0.02, 当前最优: B=13.04 S=13.96 ret=61.57% score=57.88
  进度: 97500/117370 (83.1%), 步长=0.02, 当前最优: B=13.04 S=13.96 ret=61.57% score=57.88
  进度: 98000/117370 (83.5%), 步长=0.02, 当前最优: B=13.04 S=13.96 ret=61.57% score=57.88
  进度: 98500/117370 (83.9%), 步长=0.02, 当前最优: B=13.04 S=13.96 ret=61.57% score=57.88
  进度: 99000/117370 (84.3%), 步长=0.02, 当前最优: B=13.04 S=13.96 ret=61.57% score=57.88
  进度: 99500/117370 (84.8%), 步长=0.02, 当前最优: B=13.04 S=13.96 ret=61.57% score=57.88
  进度: 100000/117370 (85.2%), 步长=0.02, 当前最优: B=13.04 S=13.96 ret=61.57% score=57.88
  进度: 100500/117370 (85.6%), 步长=0.02, 当前最优: B=13.04 S=13.96 ret=61.57% score=57.88
  进度: 101000/117370 (86.1%), 步长=0.02, 当前最优: B=13.04 S=13.96 ret=61.57% score=57.88
  进度: 101500/117370 (86.5%), 步长=0.02, 当前最优: B=13.04 S=13.96 ret=61.57% score=57.88
  进度: 102000/117370 (86.9%), 步长=0.02, 当前最优: B=13.04 S=13.96 ret=61.57% score=57.88
  进度: 102500/117370 (87.3%), 步长=0.02, 当前最优: B=13.04 S=13.96 ret=61.57% score=57.88
  进度: 103000/117370 (87.8%), 步长=0.02, 当前最优: B=13.04 S=13.96 ret=61.57% score=57.88
  进度: 103500/117370 (88.2%), 步长=0.02, 当前最优: B=13.04 S=13.96 ret=61.57% score=57.88
  进度: 104000/117370 (88.6%), 步长=0.02, 当前最优: B=13.04 S=13.96 ret=61.57% score=57.88
  进度: 104500/117370 (89.0%), 步长=0.02, 当前最优: B=13.04 S=13.96 ret=61.57% score=57.88
  进度: 105000/117370 (89.5%), 步长=0.02, 当前最优: B=13.04 S=13.96 ret=61.57% score=57.88
  进度: 105500/117370 (89.9%), 步长=0.02, 当前最优: B=13.04 S=13.96 ret=61.57% score=57.88
  进度: 106000/117370 (90.3%), 步长=0.02, 当前最优: B=13.04 S=13.96 ret=61.57% score=57.88
  进度: 106500/117370 (90.7%), 步长=0.02, 当前最优: B=13.04 S=13.96 ret=61.57% score=57.88
  进度: 107000/117370 (91.2%), 步长=0.02, 当前最优: B=13.04 S=13.96 ret=61.57% score=57.88
  进度: 107500/117370 (91.6%), 步长=0.02, 当前最优: B=13.04 S=13.96 ret=61.57% score=57.88
  进度: 108000/117370 (92.0%), 步长=0.02, 当前最优: B=13.04 S=13.96 ret=61.57% score=57.88
  进度: 108500/117370 (92.4%), 步长=0.02, 当前最优: B=13.04 S=13.96 ret=61.57% score=57.88
  进度: 109000/117370 (92.9%), 步长=0.02, 当前最优: B=13.04 S=13.96 ret=61.57% score=57.88
  进度: 109500/117370 (93.3%), 步长=0.02, 当前最优: B=13.04 S=13.96 ret=61.57% score=57.88
  进度: 110000/117370 (93.7%), 步长=0.02, 当前最优: B=13.04 S=13.96 ret=61.57% score=57.88
  进度: 110500/117370 (94.1%), 步长=0.02, 当前最优: B=13.04 S=13.96 ret=61.57% score=57.88
  进度: 111000/117370 (94.6%), 步长=0.02, 当前最优: B=13.04 S=13.96 ret=61.57% score=57.88
  进度: 111500/117370 (95.0%), 步长=0.02, 当前最优: B=13.04 S=13.96 ret=61.57% score=57.88
  进度: 112000/117370 (95.4%), 步长=0.02, 当前最优: B=13.04 S=13.96 ret=61.57% score=57.88
  进度: 112500/117370 (95.9%), 步长=0.02, 当前最优: B=13.04 S=13.96 ret=61.57% score=57.88
  进度: 113000/117370 (96.3%), 步长=0.02, 当前最优: B=13.04 S=13.96 ret=61.57% score=57.88
  进度: 113500/117370 (96.7%), 步长=0.02, 当前最优: B=13.04 S=13.96 ret=61.57% score=57.88
  进度: 114000/117370 (97.1%), 步长=0.02, 当前最优: B=13.04 S=13.96 ret=61.57% score=57.88
  进度: 114500/117370 (97.6%), 步长=0.02, 当前最优: B=13.04 S=13.96 ret=61.57% score=57.88
  进度: 115000/117370 (98.0%), 步长=0.02, 当前最优: B=13.04 S=13.96 ret=61.57% score=57.88
  进度: 115500/117370 (98.4%), 步长=0.02, 当前最优: B=13.04 S=13.96 ret=61.57% score=57.88
  进度: 116000/117370 (98.8%), 步长=0.02, 当前最优: B=13.04 S=13.96 ret=61.57% score=57.88
  进度: 116500/117370 (99.3%), 步长=0.02, 当前最优: B=13.04 S=13.96 ret=61.57% score=57.88
  进度: 117000/117370 (99.7%), 步长=0.02, 当前最优: B=13.04 S=13.96 ret=61.57% score=57.88
  进度: 117370/117370 (100.0%), 步长=0.02, 当前最优: B=13.04 S=13.96 ret=61.57% score=57.88
[002462] 467条 grid=117370 B=13.04 S=13.96 ret=61.57% score=57.88 stb=0.94 9t
  进度: 500/36856 (1.4%), 步长=0.02, 当前最优: B=5.28 S=9.86 ret=86.37% score=39.73
  进度: 1000/36856 (2.7%), 步长=0.02, 当前最优: B=5.28 S=10.66 ret=101.49% score=46.68
  进度: 1500/36856 (4.1%), 步长=0.02, 当前最优: B=5.28 S=10.66 ret=101.49% score=46.68
  进度: 2000/36856 (5.4%), 步长=0.02, 当前最优: B=5.28 S=10.66 ret=101.49% score=46.68
  进度: 2500/36856 (6.8%), 步长=0.02, 当前最优: B=5.28 S=10.66 ret=101.49% score=46.68
  进度: 3000/36856 (8.1%), 步长=0.02, 当前最优: B=5.28 S=10.66 ret=101.49% score=46.68
  进度: 3500/36856 (9.5%), 步长=0.02, 当前最优: B=5.28 S=10.66 ret=101.49% score=46.68
  进度: 4000/36856 (10.9%), 步长=0.02, 当前最优: B=5.28 S=10.66 ret=101.49% score=46.68
  进度: 4500/36856 (12.2%), 步长=0.02, 当前最优: B=5.28 S=10.66 ret=101.49% score=46.68
  进度: 5000/36856 (13.6%), 步长=0.02, 当前最优: B=5.28 S=10.66 ret=101.49% score=46.68
  进度: 5500/36856 (14.9%), 步长=0.02, 当前最优: B=5.28 S=10.66 ret=101.49% score=46.68
  进度: 6000/36856 (16.3%), 步长=0.02, 当前最优: B=5.28 S=10.66 ret=101.49% score=46.68
  进度: 6500/36856 (17.6%), 步长=0.02, 当前最优: B=5.28 S=10.66 ret=101.49% score=46.68
  进度: 7000/36856 (19.0%), 步长=0.02, 当前最优: B=5.28 S=10.66 ret=101.49% score=46.68
  进度: 7500/36856 (20.3%), 步长=0.02, 当前最优: B=5.28 S=10.66 ret=101.49% score=46.68
  进度: 8000/36856 (21.7%), 步长=0.02, 当前最优: B=5.28 S=10.66 ret=101.49% score=46.68
  进度: 8500/36856 (23.1%), 步长=0.02, 当前最优: B=5.28 S=10.66 ret=101.49% score=46.68
  进度: 9000/36856 (24.4%), 步长=0.02, 当前最优: B=5.28 S=10.66 ret=101.49% score=46.68
  进度: 9500/36856 (25.8%), 步长=0.02, 当前最优: B=5.28 S=10.66 ret=101.49% score=46.68
  进度: 10000/36856 (27.1%), 步长=0.02, 当前最优: B=5.28 S=10.66 ret=101.49% score=46.68
  进度: 10500/36856 (28.5%), 步长=0.02, 当前最优: B=5.28 S=10.66 ret=101.49% score=46.68
  进度: 11000/36856 (29.8%), 步长=0.02, 当前最优: B=5.28 S=10.66 ret=101.49% score=46.68
  进度: 11500/36856 (31.2%), 步长=0.02, 当前最优: B=5.28 S=10.66 ret=101.49% score=46.68
  进度: 12000/36856 (32.6%), 步长=0.02, 当前最优: B=6.18 S=9.38 ret=102.95% score=53.54
  进度: 12500/36856 (33.9%), 步长=0.02, 当前最优: B=6.18 S=9.38 ret=102.95% score=53.54
  进度: 13000/36856 (35.3%), 步长=0.02, 当前最优: B=6.18 S=9.38 ret=102.95% score=53.54
  进度: 13500/36856 (36.6%), 步长=0.02, 当前最优: B=6.18 S=9.38 ret=102.95% score=53.54
  进度: 14000/36856 (38.0%), 步长=0.02, 当前最优: B=6.18 S=9.38 ret=102.95% score=53.54
  进度: 14500/36856 (39.3%), 步长=0.02, 当前最优: B=6.18 S=9.38 ret=102.95% score=53.54
  进度: 15000/36856 (40.7%), 步长=0.02, 当前最优: B=6.18 S=9.38 ret=102.95% score=53.54
  进度: 15500/36856 (42.1%), 步长=0.02, 当前最优: B=6.18 S=9.38 ret=102.95% score=53.54
  进度: 16000/36856 (43.4%), 步长=0.02, 当前最优: B=6.18 S=9.38 ret=102.95% score=53.54
  进度: 16500/36856 (44.8%), 步长=0.02, 当前最优: B=6.18 S=9.38 ret=102.95% score=53.54
  进度: 17000/36856 (46.1%), 步长=0.02, 当前最优: B=6.18 S=9.38 ret=102.95% score=53.54
  进度: 17500/36856 (47.5%), 步长=0.02, 当前最优: B=6.18 S=9.38 ret=102.95% score=53.54
  进度: 18000/36856 (48.8%), 步长=0.02, 当前最优: B=6.18 S=9.38 ret=102.95% score=53.54
  进度: 18500/36856 (50.2%), 步长=0.02, 当前最优: B=6.18 S=9.38 ret=102.95% score=53.54
  进度: 19000/36856 (51.6%), 步长=0.02, 当前最优: B=6.18 S=9.38 ret=102.95% score=53.54
  进度: 19500/36856 (52.9%), 步长=0.02, 当前最优: B=6.18 S=9.38 ret=102.95% score=53.54
  进度: 20000/36856 (54.3%), 步长=0.02, 当前最优: B=6.18 S=9.38 ret=102.95% score=53.54
  进度: 20500/36856 (55.6%), 步长=0.02, 当前最优: B=6.18 S=9.38 ret=102.95% score=53.54
  进度: 21000/36856 (57.0%), 步长=0.02, 当前最优: B=6.18 S=9.38 ret=102.95% score=53.54
  进度: 21500/36856 (58.3%), 步长=0.02, 当前最优: B=6.18 S=9.38 ret=102.95% score=53.54
  进度: 22000/36856 (59.7%), 步长=0.02, 当前最优: B=6.18 S=9.38 ret=102.95% score=53.54
  进度: 22500/36856 (61.0%), 步长=0.02, 当前最优: B=6.18 S=9.38 ret=102.95% score=53.54
  进度: 23000/36856 (62.4%), 步长=0.02, 当前最优: B=6.18 S=9.38 ret=102.95% score=53.54
  进度: 23500/36856 (63.8%), 步长=0.02, 当前最优: B=6.18 S=9.38 ret=102.95% score=53.54
  进度: 24000/36856 (65.1%), 步长=0.02, 当前最优: B=6.18 S=9.38 ret=102.95% score=53.54
  进度: 24500/36856 (66.5%), 步长=0.02, 当前最优: B=6.18 S=9.38 ret=102.95% score=53.54
  进度: 25000/36856 (67.8%), 步长=0.02, 当前最优: B=6.18 S=9.38 ret=102.95% score=53.54
  进度: 25500/36856 (69.2%), 步长=0.02, 当前最优: B=6.18 S=9.38 ret=102.95% score=53.54
  进度: 26000/36856 (70.5%), 步长=0.02, 当前最优: B=6.18 S=9.38 ret=102.95% score=53.54
  进度: 26500/36856 (71.9%), 步长=0.02, 当前最优: B=6.18 S=9.38 ret=102.95% score=53.54
  进度: 27000/36856 (73.3%), 步长=0.02, 当前最优: B=6.18 S=9.38 ret=102.95% score=53.54
  进度: 27500/36856 (74.6%), 步长=0.02, 当前最优: B=6.18 S=9.38 ret=102.95% score=53.54
  进度: 28000/36856 (76.0%), 步长=0.02, 当前最优: B=6.18 S=9.38 ret=102.95% score=53.54
  进度: 28500/36856 (77.3%), 步长=0.02, 当前最优: B=6.18 S=9.38 ret=102.95% score=53.54
  进度: 29000/36856 (78.7%), 步长=0.02, 当前最优: B=6.18 S=9.38 ret=102.95% score=53.54
  进度: 29500/36856 (80.0%), 步长=0.02, 当前最优: B=6.18 S=9.38 ret=102.95% score=53.54
  进度: 30000/36856 (81.4%), 步长=0.02, 当前最优: B=6.18 S=9.38 ret=102.95% score=53.54
  进度: 30500/36856 (82.8%), 步长=0.02, 当前最优: B=6.18 S=9.38 ret=102.95% score=53.54
  进度: 31000/36856 (84.1%), 步长=0.02, 当前最优: B=6.18 S=9.38 ret=102.95% score=53.54
  进度: 31500/36856 (85.5%), 步长=0.02, 当前最优: B=6.18 S=9.38 ret=102.95% score=53.54
  进度: 32000/36856 (86.8%), 步长=0.02, 当前最优: B=6.18 S=9.38 ret=102.95% score=53.54
  进度: 32500/36856 (88.2%), 步长=0.02, 当前最优: B=6.18 S=9.38 ret=102.95% score=53.54
  进度: 33000/36856 (89.5%), 步长=0.02, 当前最优: B=6.18 S=9.38 ret=102.95% score=53.54
  进度: 33500/36856 (90.9%), 步长=0.02, 当前最优: B=6.18 S=9.38 ret=102.95% score=53.54
  进度: 34000/36856 (92.3%), 步长=0.02, 当前最优: B=6.18 S=9.38 ret=102.95% score=53.54
  进度: 34500/36856 (93.6%), 步长=0.02, 当前最优: B=6.18 S=9.38 ret=102.95% score=53.54
  进度: 35000/36856 (95.0%), 步长=0.02, 当前最优: B=6.18 S=9.38 ret=102.95% score=53.54
  进度: 35500/36856 (96.3%), 步长=0.02, 当前最优: B=6.18 S=9.38 ret=102.95% score=53.54
  进度: 36000/36856 (97.7%), 步长=0.02, 当前最优: B=6.18 S=9.38 ret=102.95% score=53.54
  进度: 36500/36856 (99.0%), 步长=0.02, 当前最优: B=6.18 S=9.38 ret=102.95% score=53.54
  进度: 36856/36856 (100.0%), 步长=0.02, 当前最优: B=6.18 S=9.38 ret=102.95% score=53.54
[300388] 472条 grid=36856 B=6.18 S=9.38 ret=102.95% score=53.54 stb=0.52 2t
  进度: 500/49770 (1.0%), 步长=0.02, 当前最优: B=6.37 S=10.07 ret=57.77% score=26.57
  进度: 1000/49770 (2.0%), 步长=0.02, 当前最优: B=6.37 S=12.61 ret=97.56% score=44.88
  进度: 1500/49770 (3.0%), 步长=0.02, 当前最优: B=6.37 S=12.61 ret=97.56% score=44.88
  进度: 2000/49770 (4.0%), 步长=0.02, 当前最优: B=6.37 S=12.61 ret=97.56% score=44.88
  进度: 2500/49770 (5.0%), 步长=0.02, 当前最优: B=6.37 S=12.61 ret=97.56% score=44.88
  进度: 3000/49770 (6.0%), 步长=0.02, 当前最优: B=6.37 S=12.61 ret=97.56% score=44.88
  进度: 3500/49770 (7.0%), 步长=0.02, 当前最优: B=6.37 S=12.61 ret=97.56% score=44.88
  进度: 4000/49770 (8.0%), 步长=0.02, 当前最优: B=6.37 S=12.61 ret=97.56% score=44.88
  进度: 4500/49770 (9.0%), 步长=0.02, 当前最优: B=6.37 S=12.61 ret=97.56% score=44.88
  进度: 5000/49770 (10.0%), 步长=0.02, 当前最优: B=6.37 S=12.61 ret=97.56% score=44.88
  进度: 5500/49770 (11.1%), 步长=0.02, 当前最优: B=6.37 S=12.61 ret=97.56% score=44.88
  进度: 6000/49770 (12.1%), 步长=0.02, 当前最优: B=6.37 S=12.61 ret=97.56% score=44.88
  进度: 6500/49770 (13.1%), 步长=0.02, 当前最优: B=6.37 S=12.61 ret=97.56% score=44.88
  进度: 7000/49770 (14.1%), 步长=0.02, 当前最优: B=6.37 S=12.61 ret=97.56% score=44.88
  进度: 7500/49770 (15.1%), 步长=0.02, 当前最优: B=6.37 S=12.61 ret=97.56% score=44.88
  进度: 8000/49770 (16.1%), 步长=0.02, 当前最优: B=6.37 S=12.61 ret=97.56% score=44.88
  进度: 8500/49770 (17.1%), 步长=0.02, 当前最优: B=6.37 S=12.61 ret=97.56% score=44.88
  进度: 9000/49770 (18.1%), 步长=0.02, 当前最优: B=6.37 S=12.61 ret=97.56% score=44.88
  进度: 9500/49770 (19.1%), 步长=0.02, 当前最优: B=6.37 S=12.61 ret=97.56% score=44.88
  进度: 10000/49770 (20.1%), 步长=0.02, 当前最优: B=6.37 S=12.61 ret=97.56% score=44.88
  进度: 10500/49770 (21.1%), 步长=0.02, 当前最优: B=6.37 S=12.61 ret=97.56% score=44.88
  进度: 11000/49770 (22.1%), 步长=0.02, 当前最优: B=6.37 S=12.61 ret=97.56% score=44.88
  进度: 11500/49770 (23.1%), 步长=0.02, 当前最优: B=6.37 S=12.61 ret=97.56% score=44.88
  进度: 12000/49770 (24.1%), 步长=0.02, 当前最优: B=6.37 S=12.61 ret=97.56% score=44.88
  进度: 12500/49770 (25.1%), 步长=0.02, 当前最优: B=6.37 S=12.61 ret=97.56% score=44.88
  进度: 13000/49770 (26.1%), 步长=0.02, 当前最优: B=6.37 S=12.61 ret=97.56% score=44.88
  进度: 13500/49770 (27.1%), 步长=0.02, 当前最优: B=6.37 S=12.61 ret=97.56% score=44.88
  进度: 14000/49770 (28.1%), 步长=0.02, 当前最优: B=6.37 S=12.61 ret=97.56% score=44.88
  进度: 14500/49770 (29.1%), 步长=0.02, 当前最优: B=7.31 S=9.79 ret=100.97% score=58.56
  进度: 15000/49770 (30.1%), 步长=0.02, 当前最优: B=7.31 S=9.79 ret=100.97% score=58.56
  进度: 15500/49770 (31.1%), 步长=0.02, 当前最优: B=7.31 S=9.79 ret=100.97% score=58.56
  进度: 16000/49770 (32.1%), 步长=0.02, 当前最优: B=7.31 S=9.79 ret=100.97% score=58.56
  进度: 16500/49770 (33.2%), 步长=0.02, 当前最优: B=7.31 S=9.79 ret=100.97% score=58.56
  进度: 17000/49770 (34.2%), 步长=0.02, 当前最优: B=7.31 S=9.79 ret=100.97% score=58.56
  进度: 17500/49770 (35.2%), 步长=0.02, 当前最优: B=7.31 S=9.79 ret=100.97% score=58.56
  进度: 18000/49770 (36.2%), 步长=0.02, 当前最优: B=7.31 S=9.79 ret=100.97% score=58.56
  进度: 18500/49770 (37.2%), 步长=0.02, 当前最优: B=7.31 S=9.79 ret=100.97% score=58.56
  进度: 19000/49770 (38.2%), 步长=0.02, 当前最优: B=7.31 S=9.79 ret=100.97% score=58.56
  进度: 19500/49770 (39.2%), 步长=0.02, 当前最优: B=7.31 S=9.79 ret=100.97% score=58.56
  进度: 20000/49770 (40.2%), 步长=0.02, 当前最优: B=7.31 S=9.79 ret=100.97% score=58.56
  进度: 20500/49770 (41.2%), 步长=0.02, 当前最优: B=7.31 S=9.79 ret=100.97% score=58.56
  进度: 21000/49770 (42.2%), 步长=0.02, 当前最优: B=7.31 S=9.79 ret=100.97% score=58.56
  进度: 21500/49770 (43.2%), 步长=0.02, 当前最优: B=7.31 S=9.79 ret=100.97% score=58.56
  进度: 22000/49770 (44.2%), 步长=0.02, 当前最优: B=7.93 S=8.53 ret=66.16% score=62.19
  进度: 22500/49770 (45.2%), 步长=0.02, 当前最优: B=7.93 S=8.53 ret=66.16% score=62.19
  进度: 23000/49770 (46.2%), 步长=0.02, 当前最优: B=8.03 S=8.53 ret=72.17% score=72.17
  进度: 23500/49770 (47.2%), 步长=0.02, 当前最优: B=8.03 S=8.53 ret=72.17% score=72.17
  进度: 24000/49770 (48.2%), 步长=0.02, 当前最优: B=8.03 S=8.53 ret=72.17% score=72.17
  进度: 24500/49770 (49.2%), 步长=0.02, 当前最优: B=8.03 S=8.53 ret=72.17% score=72.17
  进度: 25000/49770 (50.2%), 步长=0.02, 当前最优: B=8.03 S=8.53 ret=72.17% score=72.17
  进度: 25500/49770 (51.2%), 步长=0.02, 当前最优: B=8.03 S=8.53 ret=72.17% score=72.17
  进度: 26000/49770 (52.2%), 步长=0.02, 当前最优: B=8.03 S=8.53 ret=72.17% score=72.17
  进度: 26500/49770 (53.2%), 步长=0.02, 当前最优: B=8.03 S=8.53 ret=72.17% score=72.17
  进度: 27000/49770 (54.2%), 步长=0.02, 当前最优: B=8.03 S=8.53 ret=72.17% score=72.17
  进度: 27500/49770 (55.3%), 步长=0.02, 当前最优: B=8.03 S=8.53 ret=72.17% score=72.17
  进度: 28000/49770 (56.3%), 步长=0.02, 当前最优: B=8.03 S=8.53 ret=72.17% score=72.17
  进度: 28500/49770 (57.3%), 步长=0.02, 当前最优: B=8.03 S=8.53 ret=72.17% score=72.17
  进度: 29000/49770 (58.3%), 步长=0.02, 当前最优: B=8.03 S=8.53 ret=72.17% score=72.17
  进度: 29500/49770 (59.3%), 步长=0.02, 当前最优: B=8.03 S=8.53 ret=72.17% score=72.17
  进度: 30000/49770 (60.3%), 步长=0.02, 当前最优: B=8.03 S=8.53 ret=72.17% score=72.17
  进度: 30500/49770 (61.3%), 步长=0.02, 当前最优: B=8.03 S=8.53 ret=72.17% score=72.17
  进度: 31000/49770 (62.3%), 步长=0.02, 当前最优: B=8.03 S=8.53 ret=72.17% score=72.17
  进度: 31500/49770 (63.3%), 步长=0.02, 当前最优: B=8.03 S=8.53 ret=72.17% score=72.17
  进度: 32000/49770 (64.3%), 步长=0.02, 当前最优: B=8.03 S=8.53 ret=72.17% score=72.17
  进度: 32500/49770 (65.3%), 步长=0.02, 当前最优: B=8.03 S=8.53 ret=72.17% score=72.17
  进度: 33000/49770 (66.3%), 步长=0.02, 当前最优: B=8.03 S=8.53 ret=72.17% score=72.17
  进度: 33500/49770 (67.3%), 步长=0.02, 当前最优: B=8.03 S=8.53 ret=72.17% score=72.17
  进度: 34000/49770 (68.3%), 步长=0.02, 当前最优: B=8.03 S=8.53 ret=72.17% score=72.17
  进度: 34500/49770 (69.3%), 步长=0.02, 当前最优: B=8.03 S=8.53 ret=72.17% score=72.17
  进度: 35000/49770 (70.3%), 步长=0.02, 当前最优: B=8.03 S=8.53 ret=72.17% score=72.17
  进度: 35500/49770 (71.3%), 步长=0.02, 当前最优: B=8.03 S=8.53 ret=72.17% score=72.17
  进度: 36000/49770 (72.3%), 步长=0.02, 当前最优: B=8.03 S=8.53 ret=72.17% score=72.17
  进度: 36500/49770 (73.3%), 步长=0.02, 当前最优: B=8.03 S=8.53 ret=72.17% score=72.17
  进度: 37000/49770 (74.3%), 步长=0.02, 当前最优: B=8.03 S=8.53 ret=72.17% score=72.17
  进度: 37500/49770 (75.3%), 步长=0.02, 当前最优: B=8.03 S=8.53 ret=72.17% score=72.17
  进度: 38000/49770 (76.4%), 步长=0.02, 当前最优: B=8.03 S=8.53 ret=72.17% score=72.17
  进度: 38500/49770 (77.4%), 步长=0.02, 当前最优: B=8.03 S=8.53 ret=72.17% score=72.17
  进度: 39000/49770 (78.4%), 步长=0.02, 当前最优: B=8.03 S=8.53 ret=72.17% score=72.17
  进度: 39500/49770 (79.4%), 步长=0.02, 当前最优: B=8.03 S=8.53 ret=72.17% score=72.17
  进度: 40000/49770 (80.4%), 步长=0.02, 当前最优: B=8.03 S=8.53 ret=72.17% score=72.17
  进度: 40500/49770 (81.4%), 步长=0.02, 当前最优: B=8.03 S=8.53 ret=72.17% score=72.17
  进度: 41000/49770 (82.4%), 步长=0.02, 当前最优: B=8.03 S=8.53 ret=72.17% score=72.17
  进度: 41500/49770 (83.4%), 步长=0.02, 当前最优: B=8.03 S=8.53 ret=72.17% score=72.17
  进度: 42000/49770 (84.4%), 步长=0.02, 当前最优: B=8.03 S=8.53 ret=72.17% score=72.17
  进度: 42500/49770 (85.4%), 步长=0.02, 当前最优: B=8.03 S=8.53 ret=72.17% score=72.17
  进度: 43000/49770 (86.4%), 步长=0.02, 当前最优: B=8.03 S=8.53 ret=72.17% score=72.17
  进度: 43500/49770 (87.4%), 步长=0.02, 当前最优: B=8.03 S=8.53 ret=72.17% score=72.17
  进度: 44000/49770 (88.4%), 步长=0.02, 当前最优: B=8.03 S=8.53 ret=72.17% score=72.17
  进度: 44500/49770 (89.4%), 步长=0.02, 当前最优: B=8.03 S=8.53 ret=72.17% score=72.17
  进度: 45000/49770 (90.4%), 步长=0.02, 当前最优: B=8.03 S=8.53 ret=72.17% score=72.17
  进度: 45500/49770 (91.4%), 步长=0.02, 当前最优: B=8.03 S=8.53 ret=72.17% score=72.17
  进度: 46000/49770 (92.4%), 步长=0.02, 当前最优: B=8.03 S=8.53 ret=72.17% score=72.17
  进度: 46500/49770 (93.4%), 步长=0.02, 当前最优: B=8.03 S=8.53 ret=72.17% score=72.17
  进度: 47000/49770 (94.4%), 步长=0.02, 当前最优: B=8.03 S=8.53 ret=72.17% score=72.17
  进度: 47500/49770 (95.4%), 步长=0.02, 当前最优: B=8.03 S=8.53 ret=72.17% score=72.17
  进度: 48000/49770 (96.4%), 步长=0.02, 当前最优: B=8.03 S=8.53 ret=72.17% score=72.17
  进度: 48500/49770 (97.4%), 步长=0.02, 当前最优: B=8.03 S=8.53 ret=72.17% score=72.17
  进度: 49000/49770 (98.5%), 步长=0.02, 当前最优: B=8.03 S=8.53 ret=72.17% score=72.17
  进度: 49500/49770 (99.5%), 步长=0.02, 当前最优: B=8.03 S=8.53 ret=72.17% score=72.17
  进度: 49770/49770 (100.0%), 步长=0.02, 当前最优: B=8.03 S=8.53 ret=72.17% score=72.17
[002609] 472条 grid=49770 B=8.03 S=8.53 ret=72.17% score=72.17 stb=1.00 12t

Done: 9/9 success
