
############################################################
# 603689
############################################################
  进度: 500/8128 (6.2%), 步长=0.02, 当前最优: B=7.64 S=10.14 收益率=64.91%
  进度: 1000/8128 (12.3%), 步长=0.02, 当前最优: B=7.64 S=10.14 收益率=64.91%
  进度: 1500/8128 (18.5%), 步长=0.02, 当前最优: B=7.64 S=10.14 收益率=64.91%
  进度: 2000/8128 (24.6%), 步长=0.02, 当前最优: B=7.92 S=9.62 收益率=127.33%
  进度: 2500/8128 (30.8%), 步长=0.02, 当前最优: B=7.92 S=9.62 收益率=127.33%
  进度: 3000/8128 (36.9%), 步长=0.02, 当前最优: B=7.92 S=9.62 收益率=127.33%
  进度: 3500/8128 (43.1%), 步长=0.02, 当前最优: B=7.92 S=9.62 收益率=127.33%
  进度: 4000/8128 (49.2%), 步长=0.02, 当前最优: B=7.92 S=9.62 收益率=127.33%
  进度: 4500/8128 (55.4%), 步长=0.02, 当前最优: B=7.92 S=9.62 收益率=127.33%
  进度: 5000/8128 (61.5%), 步长=0.02, 当前最优: B=7.92 S=9.62 收益率=127.33%
  进度: 5500/8128 (67.7%), 步长=0.02, 当前最优: B=7.92 S=9.62 收益率=127.33%
  进度: 6000/8128 (73.8%), 步长=0.02, 当前最优: B=7.92 S=9.62 收益率=127.33%
  进度: 6500/8128 (80.0%), 步长=0.02, 当前最优: B=7.92 S=9.62 收益率=127.33%
  进度: 7000/8128 (86.1%), 步长=0.02, 当前最优: B=7.92 S=9.62 收益率=127.33%
  进度: 7500/8128 (92.3%), 步长=0.02, 当前最优: B=7.92 S=9.62 收益率=127.33%
  进度: 8000/8128 (98.4%), 步长=0.02, 当前最优: B=7.92 S=9.62 收益率=127.33%
  进度: 8128/8128 (100.0%), 步长=0.02, 当前最优: B=7.92 S=9.62 收益率=127.33%
  数据: 472 条, 7.62~10.15, 中位=8.59, 步长=0.02
  搜索: 8128 组
  最优: B=7.92 S=9.62 收益率=127.33% 3轮
报告已生成: E:\python\grid-threshold-backtest\stocks\disqualified\603689\reports\603689_X_回测报告_2026-05-17.md

############################################################
# 002275
############################################################
  进度: 500/1485 (33.7%), 步长=0.10, 当前最优: B=12.97 S=16.97 收益率=122.31%
  进度: 1000/1485 (67.3%), 步长=0.10, 当前最优: B=12.97 S=16.97 收益率=122.31%
  进度: 1485/1485 (100.0%), 步长=0.10, 当前最优: B=12.97 S=16.97 收益率=122.31%
  数据: 472 条, 12.07~17.38, 中位=14.40, 步长=0.1
  搜索: 1485 组
  最优: B=12.97 S=16.97 收益率=122.31% 2轮
报告已生成: E:\python\grid-threshold-backtest\stocks\disqualified\002275\reports\002275_X_回测报告_2026-05-17.md

############################################################
# 600004
############################################################
  进度: 500/12561 (4.0%), 步长=0.02, 当前最优: B=8.35 S=10.39 收益率=23.84%
  进度: 1000/12561 (8.0%), 步长=0.02, 当前最优: B=8.35 S=10.39 收益率=23.84%
  进度: 1500/12561 (11.9%), 步长=0.02, 当前最优: B=8.47 S=10.39 收益率=43.09%
  进度: 2000/12561 (15.9%), 步长=0.02, 当前最优: B=8.47 S=10.39 收益率=43.09%
  进度: 2500/12561 (19.9%), 步长=0.02, 当前最优: B=8.47 S=10.39 收益率=43.09%
  进度: 3000/12561 (23.9%), 步长=0.02, 当前最优: B=8.47 S=10.39 收益率=43.09%
  进度: 3500/12561 (27.9%), 步长=0.02, 当前最优: B=8.47 S=10.39 收益率=43.09%
  进度: 4000/12561 (31.8%), 步长=0.02, 当前最优: B=8.47 S=10.39 收益率=43.09%
  进度: 4500/12561 (35.8%), 步长=0.02, 当前最优: B=8.47 S=10.39 收益率=43.09%
  进度: 5000/12561 (39.8%), 步长=0.02, 当前最优: B=8.47 S=10.39 收益率=43.09%
  进度: 5500/12561 (43.8%), 步长=0.02, 当前最优: B=8.47 S=10.39 收益率=43.09%
  进度: 6000/12561 (47.8%), 步长=0.02, 当前最优: B=8.47 S=10.39 收益率=43.09%
  进度: 6500/12561 (51.7%), 步长=0.02, 当前最优: B=8.47 S=10.39 收益率=43.09%
  进度: 7000/12561 (55.7%), 步长=0.02, 当前最优: B=8.47 S=10.39 收益率=43.09%
  进度: 7500/12561 (59.7%), 步长=0.02, 当前最优: B=8.47 S=10.39 收益率=43.09%
  进度: 8000/12561 (63.7%), 步长=0.02, 当前最优: B=8.47 S=10.39 收益率=43.09%
  进度: 8500/12561 (67.7%), 步长=0.02, 当前最优: B=8.47 S=10.39 收益率=43.09%
  进度: 9000/12561 (71.7%), 步长=0.02, 当前最优: B=8.47 S=10.39 收益率=43.09%
  进度: 9500/12561 (75.6%), 步长=0.02, 当前最优: B=8.47 S=10.39 收益率=43.09%
  进度: 10000/12561 (79.6%), 步长=0.02, 当前最优: B=8.47 S=10.39 收益率=43.09%
  进度: 10500/12561 (83.6%), 步长=0.02, 当前最优: B=8.47 S=10.39 收益率=43.09%
  进度: 11000/12561 (87.6%), 步长=0.02, 当前最优: B=8.47 S=10.39 收益率=43.09%
  进度: 11500/12561 (91.6%), 步长=0.02, 当前最优: B=8.47 S=10.39 收益率=43.09%
  进度: 12000/12561 (95.5%), 步长=0.02, 当前最优: B=8.47 S=10.39 收益率=43.09%
  进度: 12500/12561 (99.5%), 步长=0.02, 当前最优: B=8.47 S=10.39 收益率=43.09%
  进度: 12561/12561 (100.0%), 步长=0.02, 当前最优: B=8.47 S=10.39 收益率=43.09%
  数据: 472 条, 8.33~11.48, 中位=9.44, 步长=0.02
  搜索: 12561 组
  最优: B=8.47 S=10.39 收益率=43.09% 2轮
报告已生成: E:\python\grid-threshold-backtest\stocks\disqualified\600004\reports\600004_X_回测报告_2026-05-17.md

############################################################
# 600177
############################################################
  进度: 500/15576 (3.2%), 步长=0.02, 当前最优: B=6.47 S=9.95 收益率=106.96%
  进度: 1000/15576 (6.4%), 步长=0.02, 当前最优: B=6.47 S=9.95 收益率=106.96%
  进度: 1500/15576 (9.6%), 步长=0.02, 当前最优: B=6.47 S=9.95 收益率=106.96%
  进度: 2000/15576 (12.8%), 步长=0.02, 当前最优: B=6.47 S=9.95 收益率=106.96%
  进度: 2500/15576 (16.1%), 步长=0.02, 当前最优: B=6.47 S=9.95 收益率=106.96%
  进度: 3000/15576 (19.3%), 步长=0.02, 当前最优: B=6.47 S=9.95 收益率=106.96%
  进度: 3500/15576 (22.5%), 步长=0.02, 当前最优: B=6.47 S=9.95 收益率=106.96%
  进度: 4000/15576 (25.7%), 步长=0.02, 当前最优: B=6.47 S=9.95 收益率=106.96%
  进度: 4500/15576 (28.9%), 步长=0.02, 当前最优: B=6.47 S=9.95 收益率=106.96%
  进度: 5000/15576 (32.1%), 步长=0.02, 当前最优: B=6.47 S=9.95 收益率=106.96%
  进度: 5500/15576 (35.3%), 步长=0.02, 当前最优: B=6.47 S=9.95 收益率=106.96%
  进度: 6000/15576 (38.5%), 步长=0.02, 当前最优: B=6.47 S=9.95 收益率=106.96%
  进度: 6500/15576 (41.7%), 步长=0.02, 当前最优: B=6.47 S=9.95 收益率=106.96%
  进度: 7000/15576 (44.9%), 步长=0.02, 当前最优: B=6.47 S=9.95 收益率=106.96%
  进度: 7500/15576 (48.2%), 步长=0.02, 当前最优: B=6.47 S=9.95 收益率=106.96%
  进度: 8000/15576 (51.4%), 步长=0.02, 当前最优: B=6.47 S=9.95 收益率=106.96%
  进度: 8500/15576 (54.6%), 步长=0.02, 当前最优: B=6.47 S=9.95 收益率=106.96%
  进度: 9000/15576 (57.8%), 步长=0.02, 当前最优: B=6.47 S=9.95 收益率=106.96%
  进度: 9500/15576 (61.0%), 步长=0.02, 当前最优: B=6.47 S=9.95 收益率=106.96%
  进度: 10000/15576 (64.2%), 步长=0.02, 当前最优: B=6.47 S=9.95 收益率=106.96%
  进度: 10500/15576 (67.4%), 步长=0.02, 当前最优: B=6.47 S=9.95 收益率=106.96%
  进度: 11000/15576 (70.6%), 步长=0.02, 当前最优: B=6.47 S=9.95 收益率=106.96%
  进度: 11500/15576 (73.8%), 步长=0.02, 当前最优: B=6.47 S=9.95 收益率=106.96%
  进度: 12000/15576 (77.0%), 步长=0.02, 当前最优: B=6.47 S=9.95 收益率=106.96%
  进度: 12500/15576 (80.3%), 步长=0.02, 当前最优: B=6.47 S=9.95 收益率=106.96%
  进度: 13000/15576 (83.5%), 步长=0.02, 当前最优: B=6.47 S=9.95 收益率=106.96%
  进度: 13500/15576 (86.7%), 步长=0.02, 当前最优: B=6.47 S=9.95 收益率=106.96%
  进度: 14000/15576 (89.9%), 步长=0.02, 当前最优: B=6.47 S=9.95 收益率=106.96%
  进度: 14500/15576 (93.1%), 步长=0.02, 当前最优: B=6.47 S=9.95 收益率=106.96%
  进度: 15000/15576 (96.3%), 步长=0.02, 当前最优: B=6.47 S=9.95 收益率=106.96%
  进度: 15500/15576 (99.5%), 步长=0.02, 当前最优: B=6.47 S=9.95 收益率=106.96%
  进度: 15576/15576 (100.0%), 步长=0.02, 当前最优: B=6.47 S=9.95 收益率=106.96%
  数据: 472 条, 6.45~9.96, 中位=7.53, 步长=0.02
  搜索: 15576 组
  最优: B=6.47 S=9.95 收益率=106.96% 1轮
报告已生成: E:\python\grid-threshold-backtest\stocks\disqualified\600177\reports\600177_X_回测报告_2026-05-17.md

############################################################
# 000498
############################################################
  进度: 500/7021 (7.1%), 步长=0.02, 当前最优: B=4.75 S=7.07 收益率=97.09%
  进度: 1000/7021 (14.2%), 步长=0.02, 当前最优: B=4.75 S=7.07 收益率=97.09%
  进度: 1500/7021 (21.4%), 步长=0.02, 当前最优: B=4.75 S=7.07 收益率=97.09%
  进度: 2000/7021 (28.5%), 步长=0.02, 当前最优: B=4.75 S=7.07 收益率=97.09%
  进度: 2500/7021 (35.6%), 步长=0.02, 当前最优: B=4.75 S=7.07 收益率=97.09%
  进度: 3000/7021 (42.7%), 步长=0.02, 当前最优: B=4.75 S=7.07 收益率=97.09%
  进度: 3500/7021 (49.9%), 步长=0.02, 当前最优: B=4.75 S=7.07 收益率=97.09%
  进度: 4000/7021 (57.0%), 步长=0.02, 当前最优: B=4.75 S=7.07 收益率=97.09%
  进度: 4500/7021 (64.1%), 步长=0.02, 当前最优: B=4.75 S=7.07 收益率=97.09%
  进度: 5000/7021 (71.2%), 步长=0.02, 当前最优: B=4.75 S=7.07 收益率=97.09%
  进度: 5500/7021 (78.3%), 步长=0.02, 当前最优: B=4.75 S=7.07 收益率=97.09%
  进度: 6000/7021 (85.5%), 步长=0.02, 当前最优: B=4.75 S=7.07 收益率=97.09%
  进度: 6500/7021 (92.6%), 步长=0.02, 当前最优: B=4.75 S=7.07 收益率=97.09%
  进度: 7000/7021 (99.7%), 步长=0.02, 当前最优: B=4.75 S=7.07 收益率=97.09%
  进度: 7021/7021 (100.0%), 步长=0.02, 当前最优: B=4.75 S=7.07 收益率=97.09%
  数据: 472 条, 4.73~7.08, 中位=5.91, 步长=0.02
  搜索: 7021 组
  最优: B=4.75 S=7.07 收益率=97.09% 1轮
报告已生成: E:\python\grid-threshold-backtest\stocks\disqualified\000498\reports\000498_X_回测报告_2026-05-17.md

############################################################
# 600874
############################################################
  进度: 500/5778 (8.7%), 步长=0.02, 当前最优: B=4.70 S=6.80 收益率=88.78%
  进度: 1000/5778 (17.3%), 步长=0.02, 当前最优: B=4.70 S=6.80 收益率=88.78%
  进度: 1500/5778 (26.0%), 步长=0.02, 当前最优: B=4.70 S=6.80 收益率=88.78%
  进度: 2000/5778 (34.6%), 步长=0.02, 当前最优: B=4.70 S=6.80 收益率=88.78%
  进度: 2500/5778 (43.3%), 步长=0.02, 当前最优: B=4.70 S=6.80 收益率=88.78%
  进度: 3000/5778 (51.9%), 步长=0.02, 当前最优: B=4.70 S=6.80 收益率=88.78%
  进度: 3500/5778 (60.6%), 步长=0.02, 当前最优: B=5.46 S=6.36 收益率=97.50%
  进度: 4000/5778 (69.2%), 步长=0.02, 当前最优: B=5.46 S=6.36 收益率=97.50%
  进度: 4500/5778 (77.9%), 步长=0.02, 当前最优: B=5.46 S=6.36 收益率=97.50%
  进度: 5000/5778 (86.5%), 步长=0.02, 当前最优: B=5.88 S=6.32 收益率=101.75%
  进度: 5500/5778 (95.2%), 步长=0.02, 当前最优: B=5.88 S=6.32 收益率=101.75%
  进度: 5778/5778 (100.0%), 步长=0.02, 当前最优: B=5.88 S=6.32 收益率=101.75%
  数据: 472 条, 4.68~6.81, 中位=5.96, 步长=0.02
  搜索: 5778 组
  最优: B=5.88 S=6.32 收益率=101.75% 7轮
报告已生成: E:\python\grid-threshold-backtest\stocks\qualified\600874\reports\600874_X_回测报告_2026-05-17.md

############################################################
# 600056
############################################################
  进度: 500/1035 (48.3%), 步长=0.10, 当前最优: B=9.57 S=12.47 收益率=120.16%
  进度: 1000/1035 (96.6%), 步长=0.10, 当前最优: B=9.57 S=12.47 收益率=120.16%
  进度: 1035/1035 (100.0%), 步长=0.10, 当前最优: B=9.57 S=12.47 收益率=120.16%
  数据: 472 条, 9.47~13.88, 中位=10.68, 步长=0.1
  搜索: 1035 组
  最优: B=9.57 S=12.47 收益率=120.16% 2轮
报告已生成: E:\python\grid-threshold-backtest\stocks\disqualified\600056\reports\600056_X_回测报告_2026-05-17.md

############################################################
# 600717
############################################################
  进度: 500/13530 (3.7%), 步长=0.01, 当前最优: B=4.09 S=5.71 收益率=78.66%
  进度: 1000/13530 (7.4%), 步长=0.01, 当前最优: B=4.09 S=5.71 收益率=78.66%
  进度: 1500/13530 (11.1%), 步长=0.01, 当前最优: B=4.09 S=5.71 收益率=78.66%
  进度: 2000/13530 (14.8%), 步长=0.01, 当前最优: B=4.09 S=5.71 收益率=78.66%
  进度: 2500/13530 (18.5%), 步长=0.01, 当前最优: B=4.09 S=5.71 收益率=78.66%
  进度: 3000/13530 (22.2%), 步长=0.01, 当前最优: B=4.26 S=5.48 收益率=113.52%
  进度: 3500/13530 (25.9%), 步长=0.01, 当前最优: B=4.26 S=5.48 收益率=113.52%
  进度: 4000/13530 (29.6%), 步长=0.01, 当前最优: B=4.26 S=5.48 收益率=113.52%
  进度: 4500/13530 (33.3%), 步长=0.01, 当前最优: B=4.26 S=5.48 收益率=113.52%
  进度: 5000/13530 (37.0%), 步长=0.01, 当前最优: B=4.26 S=5.48 收益率=113.52%
  进度: 5500/13530 (40.7%), 步长=0.01, 当前最优: B=4.26 S=5.48 收益率=113.52%
  进度: 6000/13530 (44.3%), 步长=0.01, 当前最优: B=4.26 S=5.48 收益率=113.52%
  进度: 6500/13530 (48.0%), 步长=0.01, 当前最优: B=4.26 S=5.48 收益率=113.52%
  进度: 7000/13530 (51.7%), 步长=0.01, 当前最优: B=4.26 S=5.48 收益率=113.52%
  进度: 7500/13530 (55.4%), 步长=0.01, 当前最优: B=4.26 S=5.48 收益率=113.52%
  进度: 8000/13530 (59.1%), 步长=0.01, 当前最优: B=4.26 S=5.48 收益率=113.52%
  进度: 8500/13530 (62.8%), 步长=0.01, 当前最优: B=4.26 S=5.48 收益率=113.52%
  进度: 9000/13530 (66.5%), 步长=0.01, 当前最优: B=4.26 S=5.48 收益率=113.52%
  进度: 9500/13530 (70.2%), 步长=0.01, 当前最优: B=4.26 S=5.48 收益率=113.52%
  进度: 10000/13530 (73.9%), 步长=0.01, 当前最优: B=4.26 S=5.48 收益率=113.52%
  进度: 10500/13530 (77.6%), 步长=0.01, 当前最优: B=4.26 S=5.48 收益率=113.52%
  进度: 11000/13530 (81.3%), 步长=0.01, 当前最优: B=4.26 S=5.48 收益率=113.52%
  进度: 11500/13530 (85.0%), 步长=0.01, 当前最优: B=4.26 S=5.48 收益率=113.52%
  进度: 12000/13530 (88.7%), 步长=0.01, 当前最优: B=4.26 S=5.48 收益率=113.52%
  进度: 12500/13530 (92.4%), 步长=0.01, 当前最优: B=4.26 S=5.48 收益率=113.52%
  进度: 13000/13530 (96.1%), 步长=0.01, 当前最优: B=4.26 S=5.48 收益率=113.52%
  进度: 13500/13530 (99.8%), 步长=0.01, 当前最优: B=4.26 S=5.48 收益率=113.52%
  进度: 13530/13530 (100.0%), 步长=0.01, 当前最优: B=4.26 S=5.48 收益率=113.52%
  数据: 472 条, 4.08~5.72, 中位=4.64, 步长=0.01
  搜索: 13530 组
  最优: B=4.26 S=5.48 收益率=113.52% 2轮
报告已生成: E:\python\grid-threshold-backtest\stocks\disqualified\600717\reports\600717_X_回测报告_2026-05-17.md

############################################################
# 601228
############################################################
  进度: 500/4656 (10.7%), 步长=0.01, 当前最优: B=2.96 S=3.90 收益率=62.99%
  进度: 1000/4656 (21.5%), 步长=0.01, 当前最优: B=3.00 S=3.77 收益率=101.66%
  进度: 1500/4656 (32.2%), 步长=0.01, 当前最优: B=3.00 S=3.77 收益率=101.66%
  进度: 2000/4656 (43.0%), 步长=0.01, 当前最优: B=3.00 S=3.77 收益率=101.66%
  进度: 2500/4656 (53.7%), 步长=0.01, 当前最优: B=3.00 S=3.77 收益率=101.66%
  进度: 3000/4656 (64.4%), 步长=0.01, 当前最优: B=3.00 S=3.77 收益率=101.66%
  进度: 3500/4656 (75.2%), 步长=0.01, 当前最优: B=3.00 S=3.77 收益率=101.66%
  进度: 4000/4656 (85.9%), 步长=0.01, 当前最优: B=3.00 S=3.77 收益率=101.66%
  进度: 4500/4656 (96.6%), 步长=0.01, 当前最优: B=3.00 S=3.77 收益率=101.66%
  进度: 4656/4656 (100.0%), 步长=0.01, 当前最优: B=3.00 S=3.77 收益率=101.66%
  数据: 472 条, 2.95~3.91, 中位=3.29, 步长=0.01
  搜索: 4656 组
  最优: B=3.00 S=3.77 收益率=101.66% 2轮
报告已生成: E:\python\grid-threshold-backtest\stocks\disqualified\601228\reports\601228_X_回测报告_2026-05-17.md

############################################################
# 601816
############################################################
  进度: 500/4095 (12.2%), 步长=0.02, 当前最优: B=4.88 S=5.14 收益率=30.70%
  进度: 1000/4095 (24.4%), 步长=0.02, 当前最优: B=5.00 S=6.60 收益率=30.84%
  进度: 1500/4095 (36.6%), 步长=0.02, 当前最优: B=5.00 S=6.60 收益率=30.84%
  进度: 2000/4095 (48.8%), 步长=0.02, 当前最优: B=5.00 S=6.60 收益率=30.84%
  进度: 2500/4095 (61.1%), 步长=0.02, 当前最优: B=5.00 S=6.60 收益率=30.84%
  进度: 3000/4095 (73.3%), 步长=0.02, 当前最优: B=5.00 S=6.60 收益率=30.84%
  进度: 3500/4095 (85.5%), 步长=0.02, 当前最优: B=5.00 S=6.60 收益率=30.84%
  进度: 4000/4095 (97.7%), 步长=0.02, 当前最优: B=5.00 S=6.60 收益率=30.84%
  进度: 4095/4095 (100.0%), 步长=0.02, 当前最优: B=5.00 S=6.60 收益率=30.84%
  数据: 472 条, 4.82~6.61, 中位=5.48, 步长=0.02
  搜索: 4095 组
  最优: B=5.00 S=6.60 收益率=30.84% 1轮
报告已生成: E:\python\grid-threshold-backtest\stocks\disqualified\601816\reports\601816_X_回测报告_2026-05-17.md

综合报告: E:\python\grid-threshold-backtest\stocks\网格策略对比_第3批_2026-05-17.md
✅1 ⚠️6 ❌3
  横向对比文档已更新: E:\python\grid-threshold-backtest\A类股_网格搜索_横向对比.md
[00:05:41] batch 3/46
============================================================
